The system is: Linux - 5.13.0-37-generic - x86_64
Compiling the CXX compiler identification source file "CMakeCXXCompilerId.cpp" succeeded.
Compiler: /usr/bin/c++ 
Build flags: 
Id flags:  

The output was:
0


Compilation of the CXX compiler identification source "CMakeCXXCompilerId.cpp" produced "a.out"

The CXX compiler identification is GNU, found in "/home/thaer/pygmo2/build/CMakeFiles/3.22.1/CompilerIdCXX/a.out"

Compiling the C compiler identification source file "CMakeCCompilerId.c" succeeded.
Compiler: /usr/bin/cc 
Build flags: 
Id flags:  

The output was:
0


Compilation of the C compiler identification source "CMakeCCompilerId.c" produced "a.out"

The C compiler identification is GNU, found in "/home/thaer/pygmo2/build/CMakeFiles/3.22.1/CompilerIdC/a.out"

Detecting CXX compiler ABI info compiled with the following output:
Change Dir: /home/thaer/pygmo2/build/CMakeFiles/CMakeTmp

Run Build Command(s):/usr/bin/make -f Makefile cmTC_093b1/fast && /usr/bin/make  -f CMakeFiles/cmTC_093b1.dir/build.make CMakeFiles/cmTC_093b1.dir/build
make[1]: Entering directory '/home/thaer/pygmo2/build/CMakeFiles/CMakeTmp'
Building CXX object CMakeFiles/cmTC_093b1.dir/CMakeCXXCompilerABI.cpp.o
/usr/bin/c++   -v -o CMakeFiles/cmTC_093b1.dir/CMakeCXXCompilerABI.cpp.o -c /usr/local/share/cmake-3.22/Modules/CMakeCXXCompilerABI.cpp
Using built-in specs.
COLLECT_GCC=/usr/bin/c++
OFFLOAD_TARGET_NAMES=nvptx-none:hsa
OFFLOAD_TARGET_DEFAULT=1
Target: x86_64-linux-gnu
Configured with: ../src/configure -v --with-pkgversion='Ubuntu 9.4.0-1ubuntu1~20.04.1' --with-bugurl=file:///usr/share/doc/gcc-9/README.Bugs --enable-languages=c,ada,c++,go,brig,d,fortran,objc,obj-c++,gm2 --prefix=/usr --with-gcc-major-version-only --program-suffix=-9 --program-prefix=x86_64-linux-gnu- --enable-shared --enable-linker-build-id --libexecdir=/usr/lib --without-included-gettext --enable-threads=posix --libdir=/usr/lib --enable-nls --enable-clocale=gnu --enable-libstdcxx-debug --enable-libstdcxx-time=yes --with-default-libstdcxx-abi=new --enable-gnu-unique-object --disable-vtable-verify --enable-plugin --enable-default-pie --with-system-zlib --with-target-system-zlib=auto --enable-objc-gc=auto --enable-multiarch --disable-werror --with-arch-32=i686 --with-abi=m64 --with-multilib-list=m32,m64,mx32 --enable-multilib --with-tune=generic --enable-offload-targets=nvptx-none=/build/gcc-9-Av3uEd/gcc-9-9.4.0/debian/tmp-nvptx/usr,hsa --without-cuda-driver --enable-checking=release --build=x86_64-linux-gnu --host=x86_64-linux-gnu --target=x86_64-linux-gnu
Thread model: posix
gcc version 9.4.0 (Ubuntu 9.4.0-1ubuntu1~20.04.1) 
COLLECT_GCC_OPTIONS='-v' '-o' 'CMakeFiles/cmTC_093b1.dir/CMakeCXXCompilerABI.cpp.o' '-c' '-shared-libgcc' '-mtune=generic' '-march=x86-64'
 /usr/lib/gcc/x86_64-linux-gnu/9/cc1plus -quiet -v -imultiarch x86_64-linux-gnu -D_GNU_SOURCE /usr/local/share/cmake-3.22/Modules/CMakeCXXCompilerABI.cpp -quiet -dumpbase CMakeCXXCompilerABI.cpp -mtune=generic -march=x86-64 -auxbase-strip CMakeFiles/cmTC_093b1.dir/CMakeCXXCompilerABI.cpp.o -version -fasynchronous-unwind-tables -fstack-protector-strong -Wformat -Wformat-security -fstack-clash-protection -fcf-protection -o /tmp/cccNcRdD.s
GNU C++14 (Ubuntu 9.4.0-1ubuntu1~20.04.1) version 9.4.0 (x86_64-linux-gnu)
	compiled by GNU C version 9.4.0, GMP version 6.2.0, MPFR version 4.0.2, MPC version 1.1.0, isl version isl-0.22.1-GMP

GGC heuristics: --param ggc-min-expand=100 --param ggc-min-heapsize=131072
ignoring duplicate directory "/usr/include/x86_64-linux-gnu/c++/9"
ignoring nonexistent directory "/usr/local/include/x86_64-linux-gnu"
ignoring nonexistent directory "/usr/lib/gcc/x86_64-linux-gnu/9/include-fixed"
ignoring nonexistent directory "/usr/lib/gcc/x86_64-linux-gnu/9/../../../../x86_64-linux-gnu/include"
#include "..." search starts here:
#include <...> search starts here:
 /usr/include/c++/9
 /usr/include/x86_64-linux-gnu/c++/9
 /usr/include/c++/9/backward
 /usr/lib/gcc/x86_64-linux-gnu/9/include
 /usr/local/include
 /usr/include/x86_64-linux-gnu
 /usr/include
End of search list.
GNU C++14 (Ubuntu 9.4.0-1ubuntu1~20.04.1) version 9.4.0 (x86_64-linux-gnu)
	compiled by GNU C version 9.4.0, GMP version 6.2.0, MPFR version 4.0.2, MPC version 1.1.0, isl version isl-0.22.1-GMP

GGC heuristics: --param ggc-min-expand=100 --param ggc-min-heapsize=131072
Compiler executable checksum: 65fe925b83d3956b533de4aaba7dace0
COLLECT_GCC_OPTIONS='-v' '-o' 'CMakeFiles/cmTC_093b1.dir/CMakeCXXCompilerABI.cpp.o' '-c' '-shared-libgcc' '-mtune=generic' '-march=x86-64'
 as -v --64 -o CMakeFiles/cmTC_093b1.dir/CMakeCXXCompilerABI.cpp.o /tmp/cccNcRdD.s
GNU assembler version 2.34 (x86_64-linux-gnu) using BFD version (GNU Binutils for Ubuntu) 2.34
COMPILER_PATH=/usr/lib/gcc/x86_64-linux-gnu/9/:/usr/lib/gcc/x86_64-linux-gnu/9/:/usr/lib/gcc/x86_64-linux-gnu/:/usr/lib/gcc/x86_64-linux-gnu/9/:/usr/lib/gcc/x86_64-linux-gnu/
LIBRARY_PATH=/usr/lib/gcc/x86_64-linux-gnu/9/:/usr/lib/gcc/x86_64-linux-gnu/9/../../../x86_64-linux-gnu/:/usr/lib/gcc/x86_64-linux-gnu/9/../../../../lib/:/lib/x86_64-linux-gnu/:/lib/../lib/:/usr/lib/x86_64-linux-gnu/:/usr/lib/../lib/:/usr/lib/gcc/x86_64-linux-gnu/9/../../../:/lib/:/usr/lib/
COLLECT_GCC_OPTIONS='-v' '-o' 'CMakeFiles/cmTC_093b1.dir/CMakeCXXCompilerABI.cpp.o' '-c' '-shared-libgcc' '-mtune=generic' '-march=x86-64'
Linking CXX executable cmTC_093b1
/usr/local/bin/cmake -E cmake_link_script CMakeFiles/cmTC_093b1.dir/link.txt --verbose=1
/usr/bin/c++  -v CMakeFiles/cmTC_093b1.dir/CMakeCXXCompilerABI.cpp.o -o cmTC_093b1 
Using built-in specs.
COLLECT_GCC=/usr/bin/c++
COLLECT_LTO_WRAPPER=/usr/lib/gcc/x86_64-linux-gnu/9/lto-wrapper
OFFLOAD_TARGET_NAMES=nvptx-none:hsa
OFFLOAD_TARGET_DEFAULT=1
Target: x86_64-linux-gnu
Configured with: ../src/configure -v --with-pkgversion='Ubuntu 9.4.0-1ubuntu1~20.04.1' --with-bugurl=file:///usr/share/doc/gcc-9/README.Bugs --enable-languages=c,ada,c++,go,brig,d,fortran,objc,obj-c++,gm2 --prefix=/usr --with-gcc-major-version-only --program-suffix=-9 --program-prefix=x86_64-linux-gnu- --enable-shared --enable-linker-build-id --libexecdir=/usr/lib --without-included-gettext --enable-threads=posix --libdir=/usr/lib --enable-nls --enable-clocale=gnu --enable-libstdcxx-debug --enable-libstdcxx-time=yes --with-default-libstdcxx-abi=new --enable-gnu-unique-object --disable-vtable-verify --enable-plugin --enable-default-pie --with-system-zlib --with-target-system-zlib=auto --enable-objc-gc=auto --enable-multiarch --disable-werror --with-arch-32=i686 --with-abi=m64 --with-multilib-list=m32,m64,mx32 --enable-multilib --with-tune=generic --enable-offload-targets=nvptx-none=/build/gcc-9-Av3uEd/gcc-9-9.4.0/debian/tmp-nvptx/usr,hsa --without-cuda-driver --enable-checking=release --build=x86_64-linux-gnu --host=x86_64-linux-gnu --target=x86_64-linux-gnu
Thread model: posix
gcc version 9.4.0 (Ubuntu 9.4.0-1ubuntu1~20.04.1) 
COMPILER_PATH=/usr/lib/gcc/x86_64-linux-gnu/9/:/usr/lib/gcc/x86_64-linux-gnu/9/:/usr/lib/gcc/x86_64-linux-gnu/:/usr/lib/gcc/x86_64-linux-gnu/9/:/usr/lib/gcc/x86_64-linux-gnu/
LIBRARY_PATH=/usr/lib/gcc/x86_64-linux-gnu/9/:/usr/lib/gcc/x86_64-linux-gnu/9/../../../x86_64-linux-gnu/:/usr/lib/gcc/x86_64-linux-gnu/9/../../../../lib/:/lib/x86_64-linux-gnu/:/lib/../lib/:/usr/lib/x86_64-linux-gnu/:/usr/lib/../lib/:/usr/lib/gcc/x86_64-linux-gnu/9/../../../:/lib/:/usr/lib/
COLLECT_GCC_OPTIONS='-v' '-o' 'cmTC_093b1' '-shared-libgcc' '-mtune=generic' '-march=x86-64'
 /usr/lib/gcc/x86_64-linux-gnu/9/collect2 -plugin /usr/lib/gcc/x86_64-linux-gnu/9/liblto_plugin.so -plugin-opt=/usr/lib/gcc/x86_64-linux-gnu/9/lto-wrapper -plugin-opt=-fresolution=/tmp/ccAmAx86.res -plugin-opt=-pass-through=-lgcc_s -plugin-opt=-pass-through=-lgcc -plugin-opt=-pass-through=-lc -plugin-opt=-pass-through=-lgcc_s -plugin-opt=-pass-through=-lgcc --build-id --eh-frame-hdr -m elf_x86_64 --hash-style=gnu --as-needed -dynamic-linker /lib64/ld-linux-x86-64.so.2 -pie -z now -z relro -o cmTC_093b1 /usr/lib/gcc/x86_64-linux-gnu/9/../../../x86_64-linux-gnu/Scrt1.o /usr/lib/gcc/x86_64-linux-gnu/9/../../../x86_64-linux-gnu/crti.o /usr/lib/gcc/x86_64-linux-gnu/9/crtbeginS.o -L/usr/lib/gcc/x86_64-linux-gnu/9 -L/usr/lib/gcc/x86_64-linux-gnu/9/../../../x86_64-linux-gnu -L/usr/lib/gcc/x86_64-linux-gnu/9/../../../../lib -L/lib/x86_64-linux-gnu -L/lib/../lib -L/usr/lib/x86_64-linux-gnu -L/usr/lib/../lib -L/usr/lib/gcc/x86_64-linux-gnu/9/../../.. CMakeFiles/cmTC_093b1.dir/CMakeCXXCompilerABI.cpp.o -lstdc++ -lm -lgcc_s -lgcc -lc -lgcc_s -lgcc /usr/lib/gcc/x86_64-linux-gnu/9/crtendS.o /usr/lib/gcc/x86_64-linux-gnu/9/../../../x86_64-linux-gnu/crtn.o
COLLECT_GCC_OPTIONS='-v' '-o' 'cmTC_093b1' '-shared-libgcc' '-mtune=generic' '-march=x86-64'
make[1]: Leaving directory '/home/thaer/pygmo2/build/CMakeFiles/CMakeTmp'



Parsed CXX implicit include dir info from above output: rv=done
  found start of include info
  found start of implicit include info
    add: [/usr/include/c++/9]
    add: [/usr/include/x86_64-linux-gnu/c++/9]
    add: [/usr/include/c++/9/backward]
    add: [/usr/lib/gcc/x86_64-linux-gnu/9/include]
    add: [/usr/local/include]
    add: [/usr/include/x86_64-linux-gnu]
    add: [/usr/include]
  end of search list found
  collapse include dir [/usr/include/c++/9] ==> [/usr/include/c++/9]
  collapse include dir [/usr/include/x86_64-linux-gnu/c++/9] ==> [/usr/include/x86_64-linux-gnu/c++/9]
  collapse include dir [/usr/include/c++/9/backward] ==> [/usr/include/c++/9/backward]
  collapse include dir [/usr/lib/gcc/x86_64-linux-gnu/9/include] ==> [/usr/lib/gcc/x86_64-linux-gnu/9/include]
  collapse include dir [/usr/local/include] ==> [/usr/local/include]
  collapse include dir [/usr/include/x86_64-linux-gnu] ==> [/usr/include/x86_64-linux-gnu]
  collapse include dir [/usr/include] ==> [/usr/include]
  implicit include dirs: [/usr/include/c++/9;/usr/include/x86_64-linux-gnu/c++/9;/usr/include/c++/9/backward;/usr/lib/gcc/x86_64-linux-gnu/9/include;/usr/local/include;/usr/include/x86_64-linux-gnu;/usr/include]


Parsed CXX implicit link information from above output:
  link line regex: [^( *|.*[/\])(ld|CMAKE_LINK_STARTFILE-NOTFOUND|([^/\]+-)?ld|collect2)[^/\]*( |$)]
  ignore line: [Change Dir: /home/thaer/pygmo2/build/CMakeFiles/CMakeTmp]
  ignore line: []
  ignore line: [Run Build Command(s):/usr/bin/make -f Makefile cmTC_093b1/fast && /usr/bin/make  -f CMakeFiles/cmTC_093b1.dir/build.make CMakeFiles/cmTC_093b1.dir/build]
  ignore line: [make[1]: Entering directory '/home/thaer/pygmo2/build/CMakeFiles/CMakeTmp']
  ignore line: [Building CXX object CMakeFiles/cmTC_093b1.dir/CMakeCXXCompilerABI.cpp.o]
  ignore line: [/usr/bin/c++   -v -o CMakeFiles/cmTC_093b1.dir/CMakeCXXCompilerABI.cpp.o -c /usr/local/share/cmake-3.22/Modules/CMakeCXXCompilerABI.cpp]
  ignore line: [Using built-in specs.]
  ignore line: [COLLECT_GCC=/usr/bin/c++]
  ignore line: [OFFLOAD_TARGET_NAMES=nvptx-none:hsa]
  ignore line: [OFFLOAD_TARGET_DEFAULT=1]
  ignore line: [Target: x86_64-linux-gnu]
  ignore line: [Configured with: ../src/configure -v --with-pkgversion='Ubuntu 9.4.0-1ubuntu1~20.04.1' --with-bugurl=file:///usr/share/doc/gcc-9/README.Bugs --enable-languages=c ada c++ go brig d fortran objc obj-c++ gm2 --prefix=/usr --with-gcc-major-version-only --program-suffix=-9 --program-prefix=x86_64-linux-gnu- --enable-shared --enable-linker-build-id --libexecdir=/usr/lib --without-included-gettext --enable-threads=posix --libdir=/usr/lib --enable-nls --enable-clocale=gnu --enable-libstdcxx-debug --enable-libstdcxx-time=yes --with-default-libstdcxx-abi=new --enable-gnu-unique-object --disable-vtable-verify --enable-plugin --enable-default-pie --with-system-zlib --with-target-system-zlib=auto --enable-objc-gc=auto --enable-multiarch --disable-werror --with-arch-32=i686 --with-abi=m64 --with-multilib-list=m32 m64 mx32 --enable-multilib --with-tune=generic --enable-offload-targets=nvptx-none=/build/gcc-9-Av3uEd/gcc-9-9.4.0/debian/tmp-nvptx/usr hsa --without-cuda-driver --enable-checking=release --build=x86_64-linux-gnu --host=x86_64-linux-gnu --target=x86_64-linux-gnu]
  ignore line: [Thread model: posix]
  ignore line: [gcc version 9.4.0 (Ubuntu 9.4.0-1ubuntu1~20.04.1) ]
  ignore line: [COLLECT_GCC_OPTIONS='-v' '-o' 'CMakeFiles/cmTC_093b1.dir/CMakeCXXCompilerABI.cpp.o' '-c' '-shared-libgcc' '-mtune=generic' '-march=x86-64']
  ignore line: [ /usr/lib/gcc/x86_64-linux-gnu/9/cc1plus -quiet -v -imultiarch x86_64-linux-gnu -D_GNU_SOURCE /usr/local/share/cmake-3.22/Modules/CMakeCXXCompilerABI.cpp -quiet -dumpbase CMakeCXXCompilerABI.cpp -mtune=generic -march=x86-64 -auxbase-strip CMakeFiles/cmTC_093b1.dir/CMakeCXXCompilerABI.cpp.o -version -fasynchronous-unwind-tables -fstack-protector-strong -Wformat -Wformat-security -fstack-clash-protection -fcf-protection -o /tmp/cccNcRdD.s]
  ignore line: [GNU C++14 (Ubuntu 9.4.0-1ubuntu1~20.04.1) version 9.4.0 (x86_64-linux-gnu)]
  ignore line: [	compiled by GNU C version 9.4.0  GMP version 6.2.0  MPFR version 4.0.2  MPC version 1.1.0  isl version isl-0.22.1-GMP]
  ignore line: []
  ignore line: [GGC heuristics: --param ggc-min-expand=100 --param ggc-min-heapsize=131072]
  ignore line: [ignoring duplicate directory "/usr/include/x86_64-linux-gnu/c++/9"]
  ignore line: [ignoring nonexistent directory "/usr/local/include/x86_64-linux-gnu"]
  ignore line: [ignoring nonexistent directory "/usr/lib/gcc/x86_64-linux-gnu/9/include-fixed"]
  ignore line: [ignoring nonexistent directory "/usr/lib/gcc/x86_64-linux-gnu/9/../../../../x86_64-linux-gnu/include"]
  ignore line: [#include "..." search starts here:]
  ignore line: [#include <...> search starts here:]
  ignore line: [ /usr/include/c++/9]
  ignore line: [ /usr/include/x86_64-linux-gnu/c++/9]
  ignore line: [ /usr/include/c++/9/backward]
  ignore line: [ /usr/lib/gcc/x86_64-linux-gnu/9/include]
  ignore line: [ /usr/local/include]
  ignore line: [ /usr/include/x86_64-linux-gnu]
  ignore line: [ /usr/include]
  ignore line: [End of search list.]
  ignore line: [GNU C++14 (Ubuntu 9.4.0-1ubuntu1~20.04.1) version 9.4.0 (x86_64-linux-gnu)]
  ignore line: [	compiled by GNU C version 9.4.0  GMP version 6.2.0  MPFR version 4.0.2  MPC version 1.1.0  isl version isl-0.22.1-GMP]
  ignore line: []
  ignore line: [GGC heuristics: --param ggc-min-expand=100 --param ggc-min-heapsize=131072]
  ignore line: [Compiler executable checksum: 65fe925b83d3956b533de4aaba7dace0]
  ignore line: [COLLECT_GCC_OPTIONS='-v' '-o' 'CMakeFiles/cmTC_093b1.dir/CMakeCXXCompilerABI.cpp.o' '-c' '-shared-libgcc' '-mtune=generic' '-march=x86-64']
  ignore line: [ as -v --64 -o CMakeFiles/cmTC_093b1.dir/CMakeCXXCompilerABI.cpp.o /tmp/cccNcRdD.s]
  ignore line: [GNU assembler version 2.34 (x86_64-linux-gnu) using BFD version (GNU Binutils for Ubuntu) 2.34]
  ignore line: [COMPILER_PATH=/usr/lib/gcc/x86_64-linux-gnu/9/:/usr/lib/gcc/x86_64-linux-gnu/9/:/usr/lib/gcc/x86_64-linux-gnu/:/usr/lib/gcc/x86_64-linux-gnu/9/:/usr/lib/gcc/x86_64-linux-gnu/]
  ignore line: [LIBRARY_PATH=/usr/lib/gcc/x86_64-linux-gnu/9/:/usr/lib/gcc/x86_64-linux-gnu/9/../../../x86_64-linux-gnu/:/usr/lib/gcc/x86_64-linux-gnu/9/../../../../lib/:/lib/x86_64-linux-gnu/:/lib/../lib/:/usr/lib/x86_64-linux-gnu/:/usr/lib/../lib/:/usr/lib/gcc/x86_64-linux-gnu/9/../../../:/lib/:/usr/lib/]
  ignore line: [COLLECT_GCC_OPTIONS='-v' '-o' 'CMakeFiles/cmTC_093b1.dir/CMakeCXXCompilerABI.cpp.o' '-c' '-shared-libgcc' '-mtune=generic' '-march=x86-64']
  ignore line: [Linking CXX executable cmTC_093b1]
  ignore line: [/usr/local/bin/cmake -E cmake_link_script CMakeFiles/cmTC_093b1.dir/link.txt --verbose=1]
  ignore line: [/usr/bin/c++  -v CMakeFiles/cmTC_093b1.dir/CMakeCXXCompilerABI.cpp.o -o cmTC_093b1 ]
  ignore line: [Using built-in specs.]
  ignore line: [COLLECT_GCC=/usr/bin/c++]
  ignore line: [COLLECT_LTO_WRAPPER=/usr/lib/gcc/x86_64-linux-gnu/9/lto-wrapper]
  ignore line: [OFFLOAD_TARGET_NAMES=nvptx-none:hsa]
  ignore line: [OFFLOAD_TARGET_DEFAULT=1]
  ignore line: [Target: x86_64-linux-gnu]
  ignore line: [Configured with: ../src/configure -v --with-pkgversion='Ubuntu 9.4.0-1ubuntu1~20.04.1' --with-bugurl=file:///usr/share/doc/gcc-9/README.Bugs --enable-languages=c ada c++ go brig d fortran objc obj-c++ gm2 --prefix=/usr --with-gcc-major-version-only --program-suffix=-9 --program-prefix=x86_64-linux-gnu- --enable-shared --enable-linker-build-id --libexecdir=/usr/lib --without-included-gettext --enable-threads=posix --libdir=/usr/lib --enable-nls --enable-clocale=gnu --enable-libstdcxx-debug --enable-libstdcxx-time=yes --with-default-libstdcxx-abi=new --enable-gnu-unique-object --disable-vtable-verify --enable-plugin --enable-default-pie --with-system-zlib --with-target-system-zlib=auto --enable-objc-gc=auto --enable-multiarch --disable-werror --with-arch-32=i686 --with-abi=m64 --with-multilib-list=m32 m64 mx32 --enable-multilib --with-tune=generic --enable-offload-targets=nvptx-none=/build/gcc-9-Av3uEd/gcc-9-9.4.0/debian/tmp-nvptx/usr hsa --without-cuda-driver --enable-checking=release --build=x86_64-linux-gnu --host=x86_64-linux-gnu --target=x86_64-linux-gnu]
  ignore line: [Thread model: posix]
  ignore line: [gcc version 9.4.0 (Ubuntu 9.4.0-1ubuntu1~20.04.1) ]
  ignore line: [COMPILER_PATH=/usr/lib/gcc/x86_64-linux-gnu/9/:/usr/lib/gcc/x86_64-linux-gnu/9/:/usr/lib/gcc/x86_64-linux-gnu/:/usr/lib/gcc/x86_64-linux-gnu/9/:/usr/lib/gcc/x86_64-linux-gnu/]
  ignore line: [LIBRARY_PATH=/usr/lib/gcc/x86_64-linux-gnu/9/:/usr/lib/gcc/x86_64-linux-gnu/9/../../../x86_64-linux-gnu/:/usr/lib/gcc/x86_64-linux-gnu/9/../../../../lib/:/lib/x86_64-linux-gnu/:/lib/../lib/:/usr/lib/x86_64-linux-gnu/:/usr/lib/../lib/:/usr/lib/gcc/x86_64-linux-gnu/9/../../../:/lib/:/usr/lib/]
  ignore line: [COLLECT_GCC_OPTIONS='-v' '-o' 'cmTC_093b1' '-shared-libgcc' '-mtune=generic' '-march=x86-64']
  link line: [ /usr/lib/gcc/x86_64-linux-gnu/9/collect2 -plugin /usr/lib/gcc/x86_64-linux-gnu/9/liblto_plugin.so -plugin-opt=/usr/lib/gcc/x86_64-linux-gnu/9/lto-wrapper -plugin-opt=-fresolution=/tmp/ccAmAx86.res -plugin-opt=-pass-through=-lgcc_s -plugin-opt=-pass-through=-lgcc -plugin-opt=-pass-through=-lc -plugin-opt=-pass-through=-lgcc_s -plugin-opt=-pass-through=-lgcc --build-id --eh-frame-hdr -m elf_x86_64 --hash-style=gnu --as-needed -dynamic-linker /lib64/ld-linux-x86-64.so.2 -pie -z now -z relro -o cmTC_093b1 /usr/lib/gcc/x86_64-linux-gnu/9/../../../x86_64-linux-gnu/Scrt1.o /usr/lib/gcc/x86_64-linux-gnu/9/../../../x86_64-linux-gnu/crti.o /usr/lib/gcc/x86_64-linux-gnu/9/crtbeginS.o -L/usr/lib/gcc/x86_64-linux-gnu/9 -L/usr/lib/gcc/x86_64-linux-gnu/9/../../../x86_64-linux-gnu -L/usr/lib/gcc/x86_64-linux-gnu/9/../../../../lib -L/lib/x86_64-linux-gnu -L/lib/../lib -L/usr/lib/x86_64-linux-gnu -L/usr/lib/../lib -L/usr/lib/gcc/x86_64-linux-gnu/9/../../.. CMakeFiles/cmTC_093b1.dir/CMakeCXXCompilerABI.cpp.o -lstdc++ -lm -lgcc_s -lgcc -lc -lgcc_s -lgcc /usr/lib/gcc/x86_64-linux-gnu/9/crtendS.o /usr/lib/gcc/x86_64-linux-gnu/9/../../../x86_64-linux-gnu/crtn.o]
    arg [/usr/lib/gcc/x86_64-linux-gnu/9/collect2] ==> ignore
    arg [-plugin] ==> ignore
    arg [/usr/lib/gcc/x86_64-linux-gnu/9/liblto_plugin.so] ==> ignore
    arg [-plugin-opt=/usr/lib/gcc/x86_64-linux-gnu/9/lto-wrapper] ==> ignore
    arg [-plugin-opt=-fresolution=/tmp/ccAmAx86.res] ==> ignore
    arg [-plugin-opt=-pass-through=-lgcc_s] ==> ignore
    arg [-plugin-opt=-pass-through=-lgcc] ==> ignore
    arg [-plugin-opt=-pass-through=-lc] ==> ignore
    arg [-plugin-opt=-pass-through=-lgcc_s] ==> ignore
    arg [-plugin-opt=-pass-through=-lgcc] ==> ignore
    arg [--build-id] ==> ignore
    arg [--eh-frame-hdr] ==> ignore
    arg [-m] ==> ignore
    arg [elf_x86_64] ==> ignore
    arg [--hash-style=gnu] ==> ignore
    arg [--as-needed] ==> ignore
    arg [-dynamic-linker] ==> ignore
    arg [/lib64/ld-linux-x86-64.so.2] ==> ignore
    arg [-pie] ==> ignore
    arg [-znow] ==> ignore
    arg [-zrelro] ==> ignore
    arg [-o] ==> ignore
    arg [cmTC_093b1] ==> ignore
    arg [/usr/lib/gcc/x86_64-linux-gnu/9/../../../x86_64-linux-gnu/Scrt1.o] ==> obj [/usr/lib/gcc/x86_64-linux-gnu/9/../../../x86_64-linux-gnu/Scrt1.o]
    arg [/usr/lib/gcc/x86_64-linux-gnu/9/../../../x86_64-linux-gnu/crti.o] ==> obj [/usr/lib/gcc/x86_64-linux-gnu/9/../../../x86_64-linux-gnu/crti.o]
    arg [/usr/lib/gcc/x86_64-linux-gnu/9/crtbeginS.o] ==> obj [/usr/lib/gcc/x86_64-linux-gnu/9/crtbeginS.o]
    arg [-L/usr/lib/gcc/x86_64-linux-gnu/9] ==> dir [/usr/lib/gcc/x86_64-linux-gnu/9]
    arg [-L/usr/lib/gcc/x86_64-linux-gnu/9/../../../x86_64-linux-gnu] ==> dir [/usr/lib/gcc/x86_64-linux-gnu/9/../../../x86_64-linux-gnu]
    arg [-L/usr/lib/gcc/x86_64-linux-gnu/9/../../../../lib] ==> dir [/usr/lib/gcc/x86_64-linux-gnu/9/../../../../lib]
    arg [-L/lib/x86_64-linux-gnu] ==> dir [/lib/x86_64-linux-gnu]
    arg [-L/lib/../lib] ==> dir [/lib/../lib]
    arg [-L/usr/lib/x86_64-linux-gnu] ==> dir [/usr/lib/x86_64-linux-gnu]
    arg [-L/usr/lib/../lib] ==> dir [/usr/lib/../lib]
    arg [-L/usr/lib/gcc/x86_64-linux-gnu/9/../../..] ==> dir [/usr/lib/gcc/x86_64-linux-gnu/9/../../..]
    arg [CMakeFiles/cmTC_093b1.dir/CMakeCXXCompilerABI.cpp.o] ==> ignore
    arg [-lstdc++] ==> lib [stdc++]
    arg [-lm] ==> lib [m]
    arg [-lgcc_s] ==> lib [gcc_s]
    arg [-lgcc] ==> lib [gcc]
    arg [-lc] ==> lib [c]
    arg [-lgcc_s] ==> lib [gcc_s]
    arg [-lgcc] ==> lib [gcc]
    arg [/usr/lib/gcc/x86_64-linux-gnu/9/crtendS.o] ==> obj [/usr/lib/gcc/x86_64-linux-gnu/9/crtendS.o]
    arg [/usr/lib/gcc/x86_64-linux-gnu/9/../../../x86_64-linux-gnu/crtn.o] ==> obj [/usr/lib/gcc/x86_64-linux-gnu/9/../../../x86_64-linux-gnu/crtn.o]
  collapse obj [/usr/lib/gcc/x86_64-linux-gnu/9/../../../x86_64-linux-gnu/Scrt1.o] ==> [/usr/lib/x86_64-linux-gnu/Scrt1.o]
  collapse obj [/usr/lib/gcc/x86_64-linux-gnu/9/../../../x86_64-linux-gnu/crti.o] ==> [/usr/lib/x86_64-linux-gnu/crti.o]
  collapse obj [/usr/lib/gcc/x86_64-linux-gnu/9/../../../x86_64-linux-gnu/crtn.o] ==> [/usr/lib/x86_64-linux-gnu/crtn.o]
  collapse library dir [/usr/lib/gcc/x86_64-linux-gnu/9] ==> [/usr/lib/gcc/x86_64-linux-gnu/9]
  collapse library dir [/usr/lib/gcc/x86_64-linux-gnu/9/../../../x86_64-linux-gnu] ==> [/usr/lib/x86_64-linux-gnu]
  collapse library dir [/usr/lib/gcc/x86_64-linux-gnu/9/../../../../lib] ==> [/usr/lib]
  collapse library dir [/lib/x86_64-linux-gnu] ==> [/lib/x86_64-linux-gnu]
  collapse library dir [/lib/../lib] ==> [/lib]
  collapse library dir [/usr/lib/x86_64-linux-gnu] ==> [/usr/lib/x86_64-linux-gnu]
  collapse library dir [/usr/lib/../lib] ==> [/usr/lib]
  collapse library dir [/usr/lib/gcc/x86_64-linux-gnu/9/../../..] ==> [/usr/lib]
  implicit libs: [stdc++;m;gcc_s;gcc;c;gcc_s;gcc]
  implicit objs: [/usr/lib/x86_64-linux-gnu/Scrt1.o;/usr/lib/x86_64-linux-gnu/crti.o;/usr/lib/gcc/x86_64-linux-gnu/9/crtbeginS.o;/usr/lib/gcc/x86_64-linux-gnu/9/crtendS.o;/usr/lib/x86_64-linux-gnu/crtn.o]
  implicit dirs: [/usr/lib/gcc/x86_64-linux-gnu/9;/usr/lib/x86_64-linux-gnu;/usr/lib;/lib/x86_64-linux-gnu;/lib]
  implicit fwks: []


Detecting C compiler ABI info compiled with the following output:
Change Dir: /home/thaer/pygmo2/build/CMakeFiles/CMakeTmp

Run Build Command(s):/usr/bin/make -f Makefile cmTC_b12c6/fast && /usr/bin/make  -f CMakeFiles/cmTC_b12c6.dir/build.make CMakeFiles/cmTC_b12c6.dir/build
make[1]: Entering directory '/home/thaer/pygmo2/build/CMakeFiles/CMakeTmp'
Building C object CMakeFiles/cmTC_b12c6.dir/CMakeCCompilerABI.c.o
/usr/bin/cc   -v -o CMakeFiles/cmTC_b12c6.dir/CMakeCCompilerABI.c.o -c /usr/local/share/cmake-3.22/Modules/CMakeCCompilerABI.c
Using built-in specs.
COLLECT_GCC=/usr/bin/cc
OFFLOAD_TARGET_NAMES=nvptx-none:hsa
OFFLOAD_TARGET_DEFAULT=1
Target: x86_64-linux-gnu
Configured with: ../src/configure -v --with-pkgversion='Ubuntu 9.4.0-1ubuntu1~20.04.1' --with-bugurl=file:///usr/share/doc/gcc-9/README.Bugs --enable-languages=c,ada,c++,go,brig,d,fortran,objc,obj-c++,gm2 --prefix=/usr --with-gcc-major-version-only --program-suffix=-9 --program-prefix=x86_64-linux-gnu- --enable-shared --enable-linker-build-id --libexecdir=/usr/lib --without-included-gettext --enable-threads=posix --libdir=/usr/lib --enable-nls --enable-clocale=gnu --enable-libstdcxx-debug --enable-libstdcxx-time=yes --with-default-libstdcxx-abi=new --enable-gnu-unique-object --disable-vtable-verify --enable-plugin --enable-default-pie --with-system-zlib --with-target-system-zlib=auto --enable-objc-gc=auto --enable-multiarch --disable-werror --with-arch-32=i686 --with-abi=m64 --with-multilib-list=m32,m64,mx32 --enable-multilib --with-tune=generic --enable-offload-targets=nvptx-none=/build/gcc-9-Av3uEd/gcc-9-9.4.0/debian/tmp-nvptx/usr,hsa --without-cuda-driver --enable-checking=release --build=x86_64-linux-gnu --host=x86_64-linux-gnu --target=x86_64-linux-gnu
Thread model: posix
gcc version 9.4.0 (Ubuntu 9.4.0-1ubuntu1~20.04.1) 
COLLECT_GCC_OPTIONS='-v' '-o' 'CMakeFiles/cmTC_b12c6.dir/CMakeCCompilerABI.c.o' '-c' '-mtune=generic' '-march=x86-64'
 /usr/lib/gcc/x86_64-linux-gnu/9/cc1 -quiet -v -imultiarch x86_64-linux-gnu /usr/local/share/cmake-3.22/Modules/CMakeCCompilerABI.c -quiet -dumpbase CMakeCCompilerABI.c -mtune=generic -march=x86-64 -auxbase-strip CMakeFiles/cmTC_b12c6.dir/CMakeCCompilerABI.c.o -version -fasynchronous-unwind-tables -fstack-protector-strong -Wformat -Wformat-security -fstack-clash-protection -fcf-protection -o /tmp/cczjFRqC.s
GNU C17 (Ubuntu 9.4.0-1ubuntu1~20.04.1) version 9.4.0 (x86_64-linux-gnu)
	compiled by GNU C version 9.4.0, GMP version 6.2.0, MPFR version 4.0.2, MPC version 1.1.0, isl version isl-0.22.1-GMP

GGC heuristics: --param ggc-min-expand=100 --param ggc-min-heapsize=131072
ignoring nonexistent directory "/usr/local/include/x86_64-linux-gnu"
ignoring nonexistent directory "/usr/lib/gcc/x86_64-linux-gnu/9/include-fixed"
ignoring nonexistent directory "/usr/lib/gcc/x86_64-linux-gnu/9/../../../../x86_64-linux-gnu/include"
#include "..." search starts here:
#include <...> search starts here:
 /usr/lib/gcc/x86_64-linux-gnu/9/include
 /usr/local/include
 /usr/include/x86_64-linux-gnu
 /usr/include
End of search list.
GNU C17 (Ubuntu 9.4.0-1ubuntu1~20.04.1) version 9.4.0 (x86_64-linux-gnu)
	compiled by GNU C version 9.4.0, GMP version 6.2.0, MPFR version 4.0.2, MPC version 1.1.0, isl version isl-0.22.1-GMP

GGC heuristics: --param ggc-min-expand=100 --param ggc-min-heapsize=131072
Compiler executable checksum: c0c95c0b4209efec1c1892d5ff24030b
COLLECT_GCC_OPTIONS='-v' '-o' 'CMakeFiles/cmTC_b12c6.dir/CMakeCCompilerABI.c.o' '-c' '-mtune=generic' '-march=x86-64'
 as -v --64 -o CMakeFiles/cmTC_b12c6.dir/CMakeCCompilerABI.c.o /tmp/cczjFRqC.s
GNU assembler version 2.34 (x86_64-linux-gnu) using BFD version (GNU Binutils for Ubuntu) 2.34
COMPILER_PATH=/usr/lib/gcc/x86_64-linux-gnu/9/:/usr/lib/gcc/x86_64-linux-gnu/9/:/usr/lib/gcc/x86_64-linux-gnu/:/usr/lib/gcc/x86_64-linux-gnu/9/:/usr/lib/gcc/x86_64-linux-gnu/
LIBRARY_PATH=/usr/lib/gcc/x86_64-linux-gnu/9/:/usr/lib/gcc/x86_64-linux-gnu/9/../../../x86_64-linux-gnu/:/usr/lib/gcc/x86_64-linux-gnu/9/../../../../lib/:/lib/x86_64-linux-gnu/:/lib/../lib/:/usr/lib/x86_64-linux-gnu/:/usr/lib/../lib/:/usr/lib/gcc/x86_64-linux-gnu/9/../../../:/lib/:/usr/lib/
COLLECT_GCC_OPTIONS='-v' '-o' 'CMakeFiles/cmTC_b12c6.dir/CMakeCCompilerABI.c.o' '-c' '-mtune=generic' '-march=x86-64'
Linking C executable cmTC_b12c6
/usr/local/bin/cmake -E cmake_link_script CMakeFiles/cmTC_b12c6.dir/link.txt --verbose=1
/usr/bin/cc  -v CMakeFiles/cmTC_b12c6.dir/CMakeCCompilerABI.c.o -o cmTC_b12c6 
Using built-in specs.
COLLECT_GCC=/usr/bin/cc
COLLECT_LTO_WRAPPER=/usr/lib/gcc/x86_64-linux-gnu/9/lto-wrapper
OFFLOAD_TARGET_NAMES=nvptx-none:hsa
OFFLOAD_TARGET_DEFAULT=1
Target: x86_64-linux-gnu
Configured with: ../src/configure -v --with-pkgversion='Ubuntu 9.4.0-1ubuntu1~20.04.1' --with-bugurl=file:///usr/share/doc/gcc-9/README.Bugs --enable-languages=c,ada,c++,go,brig,d,fortran,objc,obj-c++,gm2 --prefix=/usr --with-gcc-major-version-only --program-suffix=-9 --program-prefix=x86_64-linux-gnu- --enable-shared --enable-linker-build-id --libexecdir=/usr/lib --without-included-gettext --enable-threads=posix --libdir=/usr/lib --enable-nls --enable-clocale=gnu --enable-libstdcxx-debug --enable-libstdcxx-time=yes --with-default-libstdcxx-abi=new --enable-gnu-unique-object --disable-vtable-verify --enable-plugin --enable-default-pie --with-system-zlib --with-target-system-zlib=auto --enable-objc-gc=auto --enable-multiarch --disable-werror --with-arch-32=i686 --with-abi=m64 --with-multilib-list=m32,m64,mx32 --enable-multilib --with-tune=generic --enable-offload-targets=nvptx-none=/build/gcc-9-Av3uEd/gcc-9-9.4.0/debian/tmp-nvptx/usr,hsa --without-cuda-driver --enable-checking=release --build=x86_64-linux-gnu --host=x86_64-linux-gnu --target=x86_64-linux-gnu
Thread model: posix
gcc version 9.4.0 (Ubuntu 9.4.0-1ubuntu1~20.04.1) 
COMPILER_PATH=/usr/lib/gcc/x86_64-linux-gnu/9/:/usr/lib/gcc/x86_64-linux-gnu/9/:/usr/lib/gcc/x86_64-linux-gnu/:/usr/lib/gcc/x86_64-linux-gnu/9/:/usr/lib/gcc/x86_64-linux-gnu/
LIBRARY_PATH=/usr/lib/gcc/x86_64-linux-gnu/9/:/usr/lib/gcc/x86_64-linux-gnu/9/../../../x86_64-linux-gnu/:/usr/lib/gcc/x86_64-linux-gnu/9/../../../../lib/:/lib/x86_64-linux-gnu/:/lib/../lib/:/usr/lib/x86_64-linux-gnu/:/usr/lib/../lib/:/usr/lib/gcc/x86_64-linux-gnu/9/../../../:/lib/:/usr/lib/
COLLECT_GCC_OPTIONS='-v' '-o' 'cmTC_b12c6' '-mtune=generic' '-march=x86-64'
 /usr/lib/gcc/x86_64-linux-gnu/9/collect2 -plugin /usr/lib/gcc/x86_64-linux-gnu/9/liblto_plugin.so -plugin-opt=/usr/lib/gcc/x86_64-linux-gnu/9/lto-wrapper -plugin-opt=-fresolution=/tmp/ccWqpwU5.res -plugin-opt=-pass-through=-lgcc -plugin-opt=-pass-through=-lgcc_s -plugin-opt=-pass-through=-lc -plugin-opt=-pass-through=-lgcc -plugin-opt=-pass-through=-lgcc_s --build-id --eh-frame-hdr -m elf_x86_64 --hash-style=gnu --as-needed -dynamic-linker /lib64/ld-linux-x86-64.so.2 -pie -z now -z relro -o cmTC_b12c6 /usr/lib/gcc/x86_64-linux-gnu/9/../../../x86_64-linux-gnu/Scrt1.o /usr/lib/gcc/x86_64-linux-gnu/9/../../../x86_64-linux-gnu/crti.o /usr/lib/gcc/x86_64-linux-gnu/9/crtbeginS.o -L/usr/lib/gcc/x86_64-linux-gnu/9 -L/usr/lib/gcc/x86_64-linux-gnu/9/../../../x86_64-linux-gnu -L/usr/lib/gcc/x86_64-linux-gnu/9/../../../../lib -L/lib/x86_64-linux-gnu -L/lib/../lib -L/usr/lib/x86_64-linux-gnu -L/usr/lib/../lib -L/usr/lib/gcc/x86_64-linux-gnu/9/../../.. CMakeFiles/cmTC_b12c6.dir/CMakeCCompilerABI.c.o -lgcc --push-state --as-needed -lgcc_s --pop-state -lc -lgcc --push-state --as-needed -lgcc_s --pop-state /usr/lib/gcc/x86_64-linux-gnu/9/crtendS.o /usr/lib/gcc/x86_64-linux-gnu/9/../../../x86_64-linux-gnu/crtn.o
COLLECT_GCC_OPTIONS='-v' '-o' 'cmTC_b12c6' '-mtune=generic' '-march=x86-64'
make[1]: Leaving directory '/home/thaer/pygmo2/build/CMakeFiles/CMakeTmp'



Parsed C implicit include dir info from above output: rv=done
  found start of include info
  found start of implicit include info
    add: [/usr/lib/gcc/x86_64-linux-gnu/9/include]
    add: [/usr/local/include]
    add: [/usr/include/x86_64-linux-gnu]
    add: [/usr/include]
  end of search list found
  collapse include dir [/usr/lib/gcc/x86_64-linux-gnu/9/include] ==> [/usr/lib/gcc/x86_64-linux-gnu/9/include]
  collapse include dir [/usr/local/include] ==> [/usr/local/include]
  collapse include dir [/usr/include/x86_64-linux-gnu] ==> [/usr/include/x86_64-linux-gnu]
  collapse include dir [/usr/include] ==> [/usr/include]
  implicit include dirs: [/usr/lib/gcc/x86_64-linux-gnu/9/include;/usr/local/include;/usr/include/x86_64-linux-gnu;/usr/include]


Parsed C implicit link information from above output:
  link line regex: [^( *|.*[/\])(ld|CMAKE_LINK_STARTFILE-NOTFOUND|([^/\]+-)?ld|collect2)[^/\]*( |$)]
  ignore line: [Change Dir: /home/thaer/pygmo2/build/CMakeFiles/CMakeTmp]
  ignore line: []
  ignore line: [Run Build Command(s):/usr/bin/make -f Makefile cmTC_b12c6/fast && /usr/bin/make  -f CMakeFiles/cmTC_b12c6.dir/build.make CMakeFiles/cmTC_b12c6.dir/build]
  ignore line: [make[1]: Entering directory '/home/thaer/pygmo2/build/CMakeFiles/CMakeTmp']
  ignore line: [Building C object CMakeFiles/cmTC_b12c6.dir/CMakeCCompilerABI.c.o]
  ignore line: [/usr/bin/cc   -v -o CMakeFiles/cmTC_b12c6.dir/CMakeCCompilerABI.c.o -c /usr/local/share/cmake-3.22/Modules/CMakeCCompilerABI.c]
  ignore line: [Using built-in specs.]
  ignore line: [COLLECT_GCC=/usr/bin/cc]
  ignore line: [OFFLOAD_TARGET_NAMES=nvptx-none:hsa]
  ignore line: [OFFLOAD_TARGET_DEFAULT=1]
  ignore line: [Target: x86_64-linux-gnu]
  ignore line: [Configured with: ../src/configure -v --with-pkgversion='Ubuntu 9.4.0-1ubuntu1~20.04.1' --with-bugurl=file:///usr/share/doc/gcc-9/README.Bugs --enable-languages=c ada c++ go brig d fortran objc obj-c++ gm2 --prefix=/usr --with-gcc-major-version-only --program-suffix=-9 --program-prefix=x86_64-linux-gnu- --enable-shared --enable-linker-build-id --libexecdir=/usr/lib --without-included-gettext --enable-threads=posix --libdir=/usr/lib --enable-nls --enable-clocale=gnu --enable-libstdcxx-debug --enable-libstdcxx-time=yes --with-default-libstdcxx-abi=new --enable-gnu-unique-object --disable-vtable-verify --enable-plugin --enable-default-pie --with-system-zlib --with-target-system-zlib=auto --enable-objc-gc=auto --enable-multiarch --disable-werror --with-arch-32=i686 --with-abi=m64 --with-multilib-list=m32 m64 mx32 --enable-multilib --with-tune=generic --enable-offload-targets=nvptx-none=/build/gcc-9-Av3uEd/gcc-9-9.4.0/debian/tmp-nvptx/usr hsa --without-cuda-driver --enable-checking=release --build=x86_64-linux-gnu --host=x86_64-linux-gnu --target=x86_64-linux-gnu]
  ignore line: [Thread model: posix]
  ignore line: [gcc version 9.4.0 (Ubuntu 9.4.0-1ubuntu1~20.04.1) ]
  ignore line: [COLLECT_GCC_OPTIONS='-v' '-o' 'CMakeFiles/cmTC_b12c6.dir/CMakeCCompilerABI.c.o' '-c' '-mtune=generic' '-march=x86-64']
  ignore line: [ /usr/lib/gcc/x86_64-linux-gnu/9/cc1 -quiet -v -imultiarch x86_64-linux-gnu /usr/local/share/cmake-3.22/Modules/CMakeCCompilerABI.c -quiet -dumpbase CMakeCCompilerABI.c -mtune=generic -march=x86-64 -auxbase-strip CMakeFiles/cmTC_b12c6.dir/CMakeCCompilerABI.c.o -version -fasynchronous-unwind-tables -fstack-protector-strong -Wformat -Wformat-security -fstack-clash-protection -fcf-protection -o /tmp/cczjFRqC.s]
  ignore line: [GNU C17 (Ubuntu 9.4.0-1ubuntu1~20.04.1) version 9.4.0 (x86_64-linux-gnu)]
  ignore line: [	compiled by GNU C version 9.4.0  GMP version 6.2.0  MPFR version 4.0.2  MPC version 1.1.0  isl version isl-0.22.1-GMP]
  ignore line: []
  ignore line: [GGC heuristics: --param ggc-min-expand=100 --param ggc-min-heapsize=131072]
  ignore line: [ignoring nonexistent directory "/usr/local/include/x86_64-linux-gnu"]
  ignore line: [ignoring nonexistent directory "/usr/lib/gcc/x86_64-linux-gnu/9/include-fixed"]
  ignore line: [ignoring nonexistent directory "/usr/lib/gcc/x86_64-linux-gnu/9/../../../../x86_64-linux-gnu/include"]
  ignore line: [#include "..." search starts here:]
  ignore line: [#include <...> search starts here:]
  ignore line: [ /usr/lib/gcc/x86_64-linux-gnu/9/include]
  ignore line: [ /usr/local/include]
  ignore line: [ /usr/include/x86_64-linux-gnu]
  ignore line: [ /usr/include]
  ignore line: [End of search list.]
  ignore line: [GNU C17 (Ubuntu 9.4.0-1ubuntu1~20.04.1) version 9.4.0 (x86_64-linux-gnu)]
  ignore line: [	compiled by GNU C version 9.4.0  GMP version 6.2.0  MPFR version 4.0.2  MPC version 1.1.0  isl version isl-0.22.1-GMP]
  ignore line: []
  ignore line: [GGC heuristics: --param ggc-min-expand=100 --param ggc-min-heapsize=131072]
  ignore line: [Compiler executable checksum: c0c95c0b4209efec1c1892d5ff24030b]
  ignore line: [COLLECT_GCC_OPTIONS='-v' '-o' 'CMakeFiles/cmTC_b12c6.dir/CMakeCCompilerABI.c.o' '-c' '-mtune=generic' '-march=x86-64']
  ignore line: [ as -v --64 -o CMakeFiles/cmTC_b12c6.dir/CMakeCCompilerABI.c.o /tmp/cczjFRqC.s]
  ignore line: [GNU assembler version 2.34 (x86_64-linux-gnu) using BFD version (GNU Binutils for Ubuntu) 2.34]
  ignore line: [COMPILER_PATH=/usr/lib/gcc/x86_64-linux-gnu/9/:/usr/lib/gcc/x86_64-linux-gnu/9/:/usr/lib/gcc/x86_64-linux-gnu/:/usr/lib/gcc/x86_64-linux-gnu/9/:/usr/lib/gcc/x86_64-linux-gnu/]
  ignore line: [LIBRARY_PATH=/usr/lib/gcc/x86_64-linux-gnu/9/:/usr/lib/gcc/x86_64-linux-gnu/9/../../../x86_64-linux-gnu/:/usr/lib/gcc/x86_64-linux-gnu/9/../../../../lib/:/lib/x86_64-linux-gnu/:/lib/../lib/:/usr/lib/x86_64-linux-gnu/:/usr/lib/../lib/:/usr/lib/gcc/x86_64-linux-gnu/9/../../../:/lib/:/usr/lib/]
  ignore line: [COLLECT_GCC_OPTIONS='-v' '-o' 'CMakeFiles/cmTC_b12c6.dir/CMakeCCompilerABI.c.o' '-c' '-mtune=generic' '-march=x86-64']
  ignore line: [Linking C executable cmTC_b12c6]
  ignore line: [/usr/local/bin/cmake -E cmake_link_script CMakeFiles/cmTC_b12c6.dir/link.txt --verbose=1]
  ignore line: [/usr/bin/cc  -v CMakeFiles/cmTC_b12c6.dir/CMakeCCompilerABI.c.o -o cmTC_b12c6 ]
  ignore line: [Using built-in specs.]
  ignore line: [COLLECT_GCC=/usr/bin/cc]
  ignore line: [COLLECT_LTO_WRAPPER=/usr/lib/gcc/x86_64-linux-gnu/9/lto-wrapper]
  ignore line: [OFFLOAD_TARGET_NAMES=nvptx-none:hsa]
  ignore line: [OFFLOAD_TARGET_DEFAULT=1]
  ignore line: [Target: x86_64-linux-gnu]
  ignore line: [Configured with: ../src/configure -v --with-pkgversion='Ubuntu 9.4.0-1ubuntu1~20.04.1' --with-bugurl=file:///usr/share/doc/gcc-9/README.Bugs --enable-languages=c ada c++ go brig d fortran objc obj-c++ gm2 --prefix=/usr --with-gcc-major-version-only --program-suffix=-9 --program-prefix=x86_64-linux-gnu- --enable-shared --enable-linker-build-id --libexecdir=/usr/lib --without-included-gettext --enable-threads=posix --libdir=/usr/lib --enable-nls --enable-clocale=gnu --enable-libstdcxx-debug --enable-libstdcxx-time=yes --with-default-libstdcxx-abi=new --enable-gnu-unique-object --disable-vtable-verify --enable-plugin --enable-default-pie --with-system-zlib --with-target-system-zlib=auto --enable-objc-gc=auto --enable-multiarch --disable-werror --with-arch-32=i686 --with-abi=m64 --with-multilib-list=m32 m64 mx32 --enable-multilib --with-tune=generic --enable-offload-targets=nvptx-none=/build/gcc-9-Av3uEd/gcc-9-9.4.0/debian/tmp-nvptx/usr hsa --without-cuda-driver --enable-checking=release --build=x86_64-linux-gnu --host=x86_64-linux-gnu --target=x86_64-linux-gnu]
  ignore line: [Thread model: posix]
  ignore line: [gcc version 9.4.0 (Ubuntu 9.4.0-1ubuntu1~20.04.1) ]
  ignore line: [COMPILER_PATH=/usr/lib/gcc/x86_64-linux-gnu/9/:/usr/lib/gcc/x86_64-linux-gnu/9/:/usr/lib/gcc/x86_64-linux-gnu/:/usr/lib/gcc/x86_64-linux-gnu/9/:/usr/lib/gcc/x86_64-linux-gnu/]
  ignore line: [LIBRARY_PATH=/usr/lib/gcc/x86_64-linux-gnu/9/:/usr/lib/gcc/x86_64-linux-gnu/9/../../../x86_64-linux-gnu/:/usr/lib/gcc/x86_64-linux-gnu/9/../../../../lib/:/lib/x86_64-linux-gnu/:/lib/../lib/:/usr/lib/x86_64-linux-gnu/:/usr/lib/../lib/:/usr/lib/gcc/x86_64-linux-gnu/9/../../../:/lib/:/usr/lib/]
  ignore line: [COLLECT_GCC_OPTIONS='-v' '-o' 'cmTC_b12c6' '-mtune=generic' '-march=x86-64']
  link line: [ /usr/lib/gcc/x86_64-linux-gnu/9/collect2 -plugin /usr/lib/gcc/x86_64-linux-gnu/9/liblto_plugin.so -plugin-opt=/usr/lib/gcc/x86_64-linux-gnu/9/lto-wrapper -plugin-opt=-fresolution=/tmp/ccWqpwU5.res -plugin-opt=-pass-through=-lgcc -plugin-opt=-pass-through=-lgcc_s -plugin-opt=-pass-through=-lc -plugin-opt=-pass-through=-lgcc -plugin-opt=-pass-through=-lgcc_s --build-id --eh-frame-hdr -m elf_x86_64 --hash-style=gnu --as-needed -dynamic-linker /lib64/ld-linux-x86-64.so.2 -pie -z now -z relro -o cmTC_b12c6 /usr/lib/gcc/x86_64-linux-gnu/9/../../../x86_64-linux-gnu/Scrt1.o /usr/lib/gcc/x86_64-linux-gnu/9/../../../x86_64-linux-gnu/crti.o /usr/lib/gcc/x86_64-linux-gnu/9/crtbeginS.o -L/usr/lib/gcc/x86_64-linux-gnu/9 -L/usr/lib/gcc/x86_64-linux-gnu/9/../../../x86_64-linux-gnu -L/usr/lib/gcc/x86_64-linux-gnu/9/../../../../lib -L/lib/x86_64-linux-gnu -L/lib/../lib -L/usr/lib/x86_64-linux-gnu -L/usr/lib/../lib -L/usr/lib/gcc/x86_64-linux-gnu/9/../../.. CMakeFiles/cmTC_b12c6.dir/CMakeCCompilerABI.c.o -lgcc --push-state --as-needed -lgcc_s --pop-state -lc -lgcc --push-state --as-needed -lgcc_s --pop-state /usr/lib/gcc/x86_64-linux-gnu/9/crtendS.o /usr/lib/gcc/x86_64-linux-gnu/9/../../../x86_64-linux-gnu/crtn.o]
    arg [/usr/lib/gcc/x86_64-linux-gnu/9/collect2] ==> ignore
    arg [-plugin] ==> ignore
    arg [/usr/lib/gcc/x86_64-linux-gnu/9/liblto_plugin.so] ==> ignore
    arg [-plugin-opt=/usr/lib/gcc/x86_64-linux-gnu/9/lto-wrapper] ==> ignore
    arg [-plugin-opt=-fresolution=/tmp/ccWqpwU5.res] ==> ignore
    arg [-plugin-opt=-pass-through=-lgcc] ==> ignore
    arg [-plugin-opt=-pass-through=-lgcc_s] ==> ignore
    arg [-plugin-opt=-pass-through=-lc] ==> ignore
    arg [-plugin-opt=-pass-through=-lgcc] ==> ignore
    arg [-plugin-opt=-pass-through=-lgcc_s] ==> ignore
    arg [--build-id] ==> ignore
    arg [--eh-frame-hdr] ==> ignore
    arg [-m] ==> ignore
    arg [elf_x86_64] ==> ignore
    arg [--hash-style=gnu] ==> ignore
    arg [--as-needed] ==> ignore
    arg [-dynamic-linker] ==> ignore
    arg [/lib64/ld-linux-x86-64.so.2] ==> ignore
    arg [-pie] ==> ignore
    arg [-znow] ==> ignore
    arg [-zrelro] ==> ignore
    arg [-o] ==> ignore
    arg [cmTC_b12c6] ==> ignore
    arg [/usr/lib/gcc/x86_64-linux-gnu/9/../../../x86_64-linux-gnu/Scrt1.o] ==> obj [/usr/lib/gcc/x86_64-linux-gnu/9/../../../x86_64-linux-gnu/Scrt1.o]
    arg [/usr/lib/gcc/x86_64-linux-gnu/9/../../../x86_64-linux-gnu/crti.o] ==> obj [/usr/lib/gcc/x86_64-linux-gnu/9/../../../x86_64-linux-gnu/crti.o]
    arg [/usr/lib/gcc/x86_64-linux-gnu/9/crtbeginS.o] ==> obj [/usr/lib/gcc/x86_64-linux-gnu/9/crtbeginS.o]
    arg [-L/usr/lib/gcc/x86_64-linux-gnu/9] ==> dir [/usr/lib/gcc/x86_64-linux-gnu/9]
    arg [-L/usr/lib/gcc/x86_64-linux-gnu/9/../../../x86_64-linux-gnu] ==> dir [/usr/lib/gcc/x86_64-linux-gnu/9/../../../x86_64-linux-gnu]
    arg [-L/usr/lib/gcc/x86_64-linux-gnu/9/../../../../lib] ==> dir [/usr/lib/gcc/x86_64-linux-gnu/9/../../../../lib]
    arg [-L/lib/x86_64-linux-gnu] ==> dir [/lib/x86_64-linux-gnu]
    arg [-L/lib/../lib] ==> dir [/lib/../lib]
    arg [-L/usr/lib/x86_64-linux-gnu] ==> dir [/usr/lib/x86_64-linux-gnu]
    arg [-L/usr/lib/../lib] ==> dir [/usr/lib/../lib]
    arg [-L/usr/lib/gcc/x86_64-linux-gnu/9/../../..] ==> dir [/usr/lib/gcc/x86_64-linux-gnu/9/../../..]
    arg [CMakeFiles/cmTC_b12c6.dir/CMakeCCompilerABI.c.o] ==> ignore
    arg [-lgcc] ==> lib [gcc]
    arg [--push-state] ==> ignore
    arg [--as-needed] ==> ignore
    arg [-lgcc_s] ==> lib [gcc_s]
    arg [--pop-state] ==> ignore
    arg [-lc] ==> lib [c]
    arg [-lgcc] ==> lib [gcc]
    arg [--push-state] ==> ignore
    arg [--as-needed] ==> ignore
    arg [-lgcc_s] ==> lib [gcc_s]
    arg [--pop-state] ==> ignore
    arg [/usr/lib/gcc/x86_64-linux-gnu/9/crtendS.o] ==> obj [/usr/lib/gcc/x86_64-linux-gnu/9/crtendS.o]
    arg [/usr/lib/gcc/x86_64-linux-gnu/9/../../../x86_64-linux-gnu/crtn.o] ==> obj [/usr/lib/gcc/x86_64-linux-gnu/9/../../../x86_64-linux-gnu/crtn.o]
  collapse obj [/usr/lib/gcc/x86_64-linux-gnu/9/../../../x86_64-linux-gnu/Scrt1.o] ==> [/usr/lib/x86_64-linux-gnu/Scrt1.o]
  collapse obj [/usr/lib/gcc/x86_64-linux-gnu/9/../../../x86_64-linux-gnu/crti.o] ==> [/usr/lib/x86_64-linux-gnu/crti.o]
  collapse obj [/usr/lib/gcc/x86_64-linux-gnu/9/../../../x86_64-linux-gnu/crtn.o] ==> [/usr/lib/x86_64-linux-gnu/crtn.o]
  collapse library dir [/usr/lib/gcc/x86_64-linux-gnu/9] ==> [/usr/lib/gcc/x86_64-linux-gnu/9]
  collapse library dir [/usr/lib/gcc/x86_64-linux-gnu/9/../../../x86_64-linux-gnu] ==> [/usr/lib/x86_64-linux-gnu]
  collapse library dir [/usr/lib/gcc/x86_64-linux-gnu/9/../../../../lib] ==> [/usr/lib]
  collapse library dir [/lib/x86_64-linux-gnu] ==> [/lib/x86_64-linux-gnu]
  collapse library dir [/lib/../lib] ==> [/lib]
  collapse library dir [/usr/lib/x86_64-linux-gnu] ==> [/usr/lib/x86_64-linux-gnu]
  collapse library dir [/usr/lib/../lib] ==> [/usr/lib]
  collapse library dir [/usr/lib/gcc/x86_64-linux-gnu/9/../../..] ==> [/usr/lib]
  implicit libs: [gcc;gcc_s;c;gcc;gcc_s]
  implicit objs: [/usr/lib/x86_64-linux-gnu/Scrt1.o;/usr/lib/x86_64-linux-gnu/crti.o;/usr/lib/gcc/x86_64-linux-gnu/9/crtbeginS.o;/usr/lib/gcc/x86_64-linux-gnu/9/crtendS.o;/usr/lib/x86_64-linux-gnu/crtn.o]
  implicit dirs: [/usr/lib/gcc/x86_64-linux-gnu/9;/usr/lib/x86_64-linux-gnu;/usr/lib;/lib/x86_64-linux-gnu;/lib]
  implicit fwks: []


Performing C++ SOURCE FILE Test YACMA_CHECK_CXX_FLAG::-fdiagnostics-color=auto succeeded with the following output:
Change Dir: /home/thaer/pygmo2/build/CMakeFiles/CMakeTmp

Run Build Command(s):/usr/bin/make -f Makefile cmTC_11cba/fast && /usr/bin/make  -f CMakeFiles/cmTC_11cba.dir/build.make CMakeFiles/cmTC_11cba.dir/build
make[1]: Entering directory '/home/thaer/pygmo2/build/CMakeFiles/CMakeTmp'
Building CXX object CMakeFiles/cmTC_11cba.dir/src.cxx.o
/usr/bin/c++   -DYACMA_CHECK_CXX_FLAG::-fdiagnostics-color=auto -fdiagnostics-color=auto -o CMakeFiles/cmTC_11cba.dir/src.cxx.o -c /home/thaer/pygmo2/build/CMakeFiles/CMakeTmp/src.cxx
<command-line>: warning: ISO C++11 requires whitespace after the macro name
Linking CXX executable cmTC_11cba
/usr/local/bin/cmake -E cmake_link_script CMakeFiles/cmTC_11cba.dir/link.txt --verbose=1
/usr/bin/c++ CMakeFiles/cmTC_11cba.dir/src.cxx.o -o cmTC_11cba 
make[1]: Leaving directory '/home/thaer/pygmo2/build/CMakeFiles/CMakeTmp'


Source file was:
int main() { return 0; }
Performing C++ SOURCE FILE Test YACMA_CHECK_DEBUG_CXX_FLAG::-Waddress-of-packed-member succeeded with the following output:
Change Dir: /home/thaer/pygmo2/build/CMakeFiles/CMakeTmp

Run Build Command(s):/usr/bin/make -f Makefile cmTC_e5801/fast && /usr/bin/make  -f CMakeFiles/cmTC_e5801.dir/build.make CMakeFiles/cmTC_e5801.dir/build
make[1]: Entering directory '/home/thaer/pygmo2/build/CMakeFiles/CMakeTmp'
Building CXX object CMakeFiles/cmTC_e5801.dir/src.cxx.o
/usr/bin/c++   -DYACMA_CHECK_DEBUG_CXX_FLAG::-Waddress-of-packed-member -Waddress-of-packed-member -o CMakeFiles/cmTC_e5801.dir/src.cxx.o -c /home/thaer/pygmo2/build/CMakeFiles/CMakeTmp/src.cxx
<command-line>: warning: ISO C++11 requires whitespace after the macro name
Linking CXX executable cmTC_e5801
/usr/local/bin/cmake -E cmake_link_script CMakeFiles/cmTC_e5801.dir/link.txt --verbose=1
/usr/bin/c++ CMakeFiles/cmTC_e5801.dir/src.cxx.o -o cmTC_e5801 
make[1]: Leaving directory '/home/thaer/pygmo2/build/CMakeFiles/CMakeTmp'


Source file was:
int main() { return 0; }
Performing C++ SOURCE FILE Test YACMA_CHECK_DEBUG_CXX_FLAG::-Wall succeeded with the following output:
Change Dir: /home/thaer/pygmo2/build/CMakeFiles/CMakeTmp

Run Build Command(s):/usr/bin/make -f Makefile cmTC_33794/fast && /usr/bin/make  -f CMakeFiles/cmTC_33794.dir/build.make CMakeFiles/cmTC_33794.dir/build
make[1]: Entering directory '/home/thaer/pygmo2/build/CMakeFiles/CMakeTmp'
Building CXX object CMakeFiles/cmTC_33794.dir/src.cxx.o
/usr/bin/c++   -DYACMA_CHECK_DEBUG_CXX_FLAG::-Wall -Wall -o CMakeFiles/cmTC_33794.dir/src.cxx.o -c /home/thaer/pygmo2/build/CMakeFiles/CMakeTmp/src.cxx
<command-line>: warning: ISO C++11 requires whitespace after the macro name
Linking CXX executable cmTC_33794
/usr/local/bin/cmake -E cmake_link_script CMakeFiles/cmTC_33794.dir/link.txt --verbose=1
/usr/bin/c++ CMakeFiles/cmTC_33794.dir/src.cxx.o -o cmTC_33794 
make[1]: Leaving directory '/home/thaer/pygmo2/build/CMakeFiles/CMakeTmp'


Source file was:
int main() { return 0; }
Performing C++ SOURCE FILE Test YACMA_CHECK_DEBUG_CXX_FLAG::-Wextra succeeded with the following output:
Change Dir: /home/thaer/pygmo2/build/CMakeFiles/CMakeTmp

Run Build Command(s):/usr/bin/make -f Makefile cmTC_91802/fast && /usr/bin/make  -f CMakeFiles/cmTC_91802.dir/build.make CMakeFiles/cmTC_91802.dir/build
make[1]: Entering directory '/home/thaer/pygmo2/build/CMakeFiles/CMakeTmp'
Building CXX object CMakeFiles/cmTC_91802.dir/src.cxx.o
/usr/bin/c++   -DYACMA_CHECK_DEBUG_CXX_FLAG::-Wextra -Wextra -o CMakeFiles/cmTC_91802.dir/src.cxx.o -c /home/thaer/pygmo2/build/CMakeFiles/CMakeTmp/src.cxx
<command-line>: warning: ISO C++11 requires whitespace after the macro name
Linking CXX executable cmTC_91802
/usr/local/bin/cmake -E cmake_link_script CMakeFiles/cmTC_91802.dir/link.txt --verbose=1
/usr/bin/c++ CMakeFiles/cmTC_91802.dir/src.cxx.o -o cmTC_91802 
make[1]: Leaving directory '/home/thaer/pygmo2/build/CMakeFiles/CMakeTmp'


Source file was:
int main() { return 0; }
Performing C++ SOURCE FILE Test YACMA_CHECK_DEBUG_CXX_FLAG::-Wnon-virtual-dtor succeeded with the following output:
Change Dir: /home/thaer/pygmo2/build/CMakeFiles/CMakeTmp

Run Build Command(s):/usr/bin/make -f Makefile cmTC_e87d2/fast && /usr/bin/make  -f CMakeFiles/cmTC_e87d2.dir/build.make CMakeFiles/cmTC_e87d2.dir/build
make[1]: Entering directory '/home/thaer/pygmo2/build/CMakeFiles/CMakeTmp'
Building CXX object CMakeFiles/cmTC_e87d2.dir/src.cxx.o
/usr/bin/c++   -DYACMA_CHECK_DEBUG_CXX_FLAG::-Wnon-virtual-dtor -Wnon-virtual-dtor -o CMakeFiles/cmTC_e87d2.dir/src.cxx.o -c /home/thaer/pygmo2/build/CMakeFiles/CMakeTmp/src.cxx
<command-line>: warning: ISO C++11 requires whitespace after the macro name
Linking CXX executable cmTC_e87d2
/usr/local/bin/cmake -E cmake_link_script CMakeFiles/cmTC_e87d2.dir/link.txt --verbose=1
/usr/bin/c++ CMakeFiles/cmTC_e87d2.dir/src.cxx.o -o cmTC_e87d2 
make[1]: Leaving directory '/home/thaer/pygmo2/build/CMakeFiles/CMakeTmp'


Source file was:
int main() { return 0; }
Performing C++ SOURCE FILE Test YACMA_CHECK_DEBUG_CXX_FLAG::-Wlogical-op succeeded with the following output:
Change Dir: /home/thaer/pygmo2/build/CMakeFiles/CMakeTmp

Run Build Command(s):/usr/bin/make -f Makefile cmTC_5e2d8/fast && /usr/bin/make  -f CMakeFiles/cmTC_5e2d8.dir/build.make CMakeFiles/cmTC_5e2d8.dir/build
make[1]: Entering directory '/home/thaer/pygmo2/build/CMakeFiles/CMakeTmp'
Building CXX object CMakeFiles/cmTC_5e2d8.dir/src.cxx.o
/usr/bin/c++   -DYACMA_CHECK_DEBUG_CXX_FLAG::-Wlogical-op -Wlogical-op -o CMakeFiles/cmTC_5e2d8.dir/src.cxx.o -c /home/thaer/pygmo2/build/CMakeFiles/CMakeTmp/src.cxx
<command-line>: warning: ISO C++11 requires whitespace after the macro name
Linking CXX executable cmTC_5e2d8
/usr/local/bin/cmake -E cmake_link_script CMakeFiles/cmTC_5e2d8.dir/link.txt --verbose=1
/usr/bin/c++ CMakeFiles/cmTC_5e2d8.dir/src.cxx.o -o cmTC_5e2d8 
make[1]: Leaving directory '/home/thaer/pygmo2/build/CMakeFiles/CMakeTmp'


Source file was:
int main() { return 0; }
Performing C++ SOURCE FILE Test YACMA_CHECK_DEBUG_CXX_FLAG::-Wconversion succeeded with the following output:
Change Dir: /home/thaer/pygmo2/build/CMakeFiles/CMakeTmp

Run Build Command(s):/usr/bin/make -f Makefile cmTC_0a85e/fast && /usr/bin/make  -f CMakeFiles/cmTC_0a85e.dir/build.make CMakeFiles/cmTC_0a85e.dir/build
make[1]: Entering directory '/home/thaer/pygmo2/build/CMakeFiles/CMakeTmp'
Building CXX object CMakeFiles/cmTC_0a85e.dir/src.cxx.o
/usr/bin/c++   -DYACMA_CHECK_DEBUG_CXX_FLAG::-Wconversion -Wconversion -o CMakeFiles/cmTC_0a85e.dir/src.cxx.o -c /home/thaer/pygmo2/build/CMakeFiles/CMakeTmp/src.cxx
<command-line>: warning: ISO C++11 requires whitespace after the macro name
Linking CXX executable cmTC_0a85e
/usr/local/bin/cmake -E cmake_link_script CMakeFiles/cmTC_0a85e.dir/link.txt --verbose=1
/usr/bin/c++ CMakeFiles/cmTC_0a85e.dir/src.cxx.o -o cmTC_0a85e 
make[1]: Leaving directory '/home/thaer/pygmo2/build/CMakeFiles/CMakeTmp'


Source file was:
int main() { return 0; }
Performing C++ SOURCE FILE Test YACMA_CHECK_DEBUG_CXX_FLAG::-Wdeprecated succeeded with the following output:
Change Dir: /home/thaer/pygmo2/build/CMakeFiles/CMakeTmp

Run Build Command(s):/usr/bin/make -f Makefile cmTC_f54ea/fast && /usr/bin/make  -f CMakeFiles/cmTC_f54ea.dir/build.make CMakeFiles/cmTC_f54ea.dir/build
make[1]: Entering directory '/home/thaer/pygmo2/build/CMakeFiles/CMakeTmp'
Building CXX object CMakeFiles/cmTC_f54ea.dir/src.cxx.o
/usr/bin/c++   -DYACMA_CHECK_DEBUG_CXX_FLAG::-Wdeprecated -Wdeprecated -o CMakeFiles/cmTC_f54ea.dir/src.cxx.o -c /home/thaer/pygmo2/build/CMakeFiles/CMakeTmp/src.cxx
<command-line>: warning: ISO C++11 requires whitespace after the macro name
Linking CXX executable cmTC_f54ea
/usr/local/bin/cmake -E cmake_link_script CMakeFiles/cmTC_f54ea.dir/link.txt --verbose=1
/usr/bin/c++ CMakeFiles/cmTC_f54ea.dir/src.cxx.o -o cmTC_f54ea 
make[1]: Leaving directory '/home/thaer/pygmo2/build/CMakeFiles/CMakeTmp'


Source file was:
int main() { return 0; }
Performing C++ SOURCE FILE Test YACMA_CHECK_CXX_FLAG::-ftemplate-depth=1024 succeeded with the following output:
Change Dir: /home/thaer/pygmo2/build/CMakeFiles/CMakeTmp

Run Build Command(s):/usr/bin/make -f Makefile cmTC_bedd0/fast && /usr/bin/make  -f CMakeFiles/cmTC_bedd0.dir/build.make CMakeFiles/cmTC_bedd0.dir/build
make[1]: Entering directory '/home/thaer/pygmo2/build/CMakeFiles/CMakeTmp'
Building CXX object CMakeFiles/cmTC_bedd0.dir/src.cxx.o
/usr/bin/c++   -DYACMA_CHECK_CXX_FLAG::-ftemplate-depth=1024 -ftemplate-depth=1024 -o CMakeFiles/cmTC_bedd0.dir/src.cxx.o -c /home/thaer/pygmo2/build/CMakeFiles/CMakeTmp/src.cxx
<command-line>: warning: ISO C++11 requires whitespace after the macro name
Linking CXX executable cmTC_bedd0
/usr/local/bin/cmake -E cmake_link_script CMakeFiles/cmTC_bedd0.dir/link.txt --verbose=1
/usr/bin/c++ CMakeFiles/cmTC_bedd0.dir/src.cxx.o -o cmTC_bedd0 
make[1]: Leaving directory '/home/thaer/pygmo2/build/CMakeFiles/CMakeTmp'


Source file was:
int main() { return 0; }
Performing C++ SOURCE FILE Test YACMA_CHECK_DEBUG_CXX_FLAG::-Wold-style-cast succeeded with the following output:
Change Dir: /home/thaer/pygmo2/build/CMakeFiles/CMakeTmp

Run Build Command(s):/usr/bin/make -f Makefile cmTC_6ecb2/fast && /usr/bin/make  -f CMakeFiles/cmTC_6ecb2.dir/build.make CMakeFiles/cmTC_6ecb2.dir/build
make[1]: Entering directory '/home/thaer/pygmo2/build/CMakeFiles/CMakeTmp'
Building CXX object CMakeFiles/cmTC_6ecb2.dir/src.cxx.o
/usr/bin/c++   -DYACMA_CHECK_DEBUG_CXX_FLAG::-Wold-style-cast -Wold-style-cast -o CMakeFiles/cmTC_6ecb2.dir/src.cxx.o -c /home/thaer/pygmo2/build/CMakeFiles/CMakeTmp/src.cxx
<command-line>: warning: ISO C++11 requires whitespace after the macro name
Linking CXX executable cmTC_6ecb2
/usr/local/bin/cmake -E cmake_link_script CMakeFiles/cmTC_6ecb2.dir/link.txt --verbose=1
/usr/bin/c++ CMakeFiles/cmTC_6ecb2.dir/src.cxx.o -o cmTC_6ecb2 
make[1]: Leaving directory '/home/thaer/pygmo2/build/CMakeFiles/CMakeTmp'


Source file was:
int main() { return 0; }
Performing C++ SOURCE FILE Test YACMA_CHECK_DEBUG_CXX_FLAG::-Wdisabled-optimization succeeded with the following output:
Change Dir: /home/thaer/pygmo2/build/CMakeFiles/CMakeTmp

Run Build Command(s):/usr/bin/make -f Makefile cmTC_34300/fast && /usr/bin/make  -f CMakeFiles/cmTC_34300.dir/build.make CMakeFiles/cmTC_34300.dir/build
make[1]: Entering directory '/home/thaer/pygmo2/build/CMakeFiles/CMakeTmp'
Building CXX object CMakeFiles/cmTC_34300.dir/src.cxx.o
/usr/bin/c++   -DYACMA_CHECK_DEBUG_CXX_FLAG::-Wdisabled-optimization -Wdisabled-optimization -o CMakeFiles/cmTC_34300.dir/src.cxx.o -c /home/thaer/pygmo2/build/CMakeFiles/CMakeTmp/src.cxx
<command-line>: warning: ISO C++11 requires whitespace after the macro name
Linking CXX executable cmTC_34300
/usr/local/bin/cmake -E cmake_link_script CMakeFiles/cmTC_34300.dir/link.txt --verbose=1
/usr/bin/c++ CMakeFiles/cmTC_34300.dir/src.cxx.o -o cmTC_34300 
make[1]: Leaving directory '/home/thaer/pygmo2/build/CMakeFiles/CMakeTmp'


Source file was:
int main() { return 0; }
Performing C++ SOURCE FILE Test YACMA_CHECK_DEBUG_CXX_FLAG::-ftemplate-backtrace-limit=0 succeeded with the following output:
Change Dir: /home/thaer/pygmo2/build/CMakeFiles/CMakeTmp

Run Build Command(s):/usr/bin/make -f Makefile cmTC_c987e/fast && /usr/bin/make  -f CMakeFiles/cmTC_c987e.dir/build.make CMakeFiles/cmTC_c987e.dir/build
make[1]: Entering directory '/home/thaer/pygmo2/build/CMakeFiles/CMakeTmp'
Building CXX object CMakeFiles/cmTC_c987e.dir/src.cxx.o
/usr/bin/c++   -DYACMA_CHECK_DEBUG_CXX_FLAG::-ftemplate-backtrace-limit=0 -ftemplate-backtrace-limit=0 -o CMakeFiles/cmTC_c987e.dir/src.cxx.o -c /home/thaer/pygmo2/build/CMakeFiles/CMakeTmp/src.cxx
<command-line>: warning: ISO C++11 requires whitespace after the macro name
Linking CXX executable cmTC_c987e
/usr/local/bin/cmake -E cmake_link_script CMakeFiles/cmTC_c987e.dir/link.txt --verbose=1
/usr/bin/c++ CMakeFiles/cmTC_c987e.dir/src.cxx.o -o cmTC_c987e 
make[1]: Leaving directory '/home/thaer/pygmo2/build/CMakeFiles/CMakeTmp'


Source file was:
int main() { return 0; }
Performing C++ SOURCE FILE Test YACMA_CHECK_DEBUG_CXX_FLAG::-fstack-protector-all succeeded with the following output:
Change Dir: /home/thaer/pygmo2/build/CMakeFiles/CMakeTmp

Run Build Command(s):/usr/bin/make -f Makefile cmTC_c859a/fast && /usr/bin/make  -f CMakeFiles/cmTC_c859a.dir/build.make CMakeFiles/cmTC_c859a.dir/build
make[1]: Entering directory '/home/thaer/pygmo2/build/CMakeFiles/CMakeTmp'
Building CXX object CMakeFiles/cmTC_c859a.dir/src.cxx.o
/usr/bin/c++   -DYACMA_CHECK_DEBUG_CXX_FLAG::-fstack-protector-all -fstack-protector-all -o CMakeFiles/cmTC_c859a.dir/src.cxx.o -c /home/thaer/pygmo2/build/CMakeFiles/CMakeTmp/src.cxx
<command-line>: warning: ISO C++11 requires whitespace after the macro name
Linking CXX executable cmTC_c859a
/usr/local/bin/cmake -E cmake_link_script CMakeFiles/cmTC_c859a.dir/link.txt --verbose=1
/usr/bin/c++ CMakeFiles/cmTC_c859a.dir/src.cxx.o -o cmTC_c859a 
make[1]: Leaving directory '/home/thaer/pygmo2/build/CMakeFiles/CMakeTmp'


Source file was:
int main() { return 0; }
Performing C++ SOURCE FILE Test YACMA_CHECK_DEBUG_CXX_FLAG::-Wsuggest-attribute=pure succeeded with the following output:
Change Dir: /home/thaer/pygmo2/build/CMakeFiles/CMakeTmp

Run Build Command(s):/usr/bin/make -f Makefile cmTC_bddee/fast && /usr/bin/make  -f CMakeFiles/cmTC_bddee.dir/build.make CMakeFiles/cmTC_bddee.dir/build
make[1]: Entering directory '/home/thaer/pygmo2/build/CMakeFiles/CMakeTmp'
Building CXX object CMakeFiles/cmTC_bddee.dir/src.cxx.o
/usr/bin/c++   -DYACMA_CHECK_DEBUG_CXX_FLAG::-Wsuggest-attribute=pure -Wsuggest-attribute=pure -o CMakeFiles/cmTC_bddee.dir/src.cxx.o -c /home/thaer/pygmo2/build/CMakeFiles/CMakeTmp/src.cxx
<command-line>: warning: ISO C++11 requires whitespace after the macro name
Linking CXX executable cmTC_bddee
/usr/local/bin/cmake -E cmake_link_script CMakeFiles/cmTC_bddee.dir/link.txt --verbose=1
/usr/bin/c++ CMakeFiles/cmTC_bddee.dir/src.cxx.o -o cmTC_bddee 
make[1]: Leaving directory '/home/thaer/pygmo2/build/CMakeFiles/CMakeTmp'


Source file was:
int main() { return 0; }
Performing C++ SOURCE FILE Test YACMA_CHECK_DEBUG_CXX_FLAG::-Wsuggest-attribute=const succeeded with the following output:
Change Dir: /home/thaer/pygmo2/build/CMakeFiles/CMakeTmp

Run Build Command(s):/usr/bin/make -f Makefile cmTC_a585f/fast && /usr/bin/make  -f CMakeFiles/cmTC_a585f.dir/build.make CMakeFiles/cmTC_a585f.dir/build
make[1]: Entering directory '/home/thaer/pygmo2/build/CMakeFiles/CMakeTmp'
Building CXX object CMakeFiles/cmTC_a585f.dir/src.cxx.o
/usr/bin/c++   -DYACMA_CHECK_DEBUG_CXX_FLAG::-Wsuggest-attribute=const -Wsuggest-attribute=const -o CMakeFiles/cmTC_a585f.dir/src.cxx.o -c /home/thaer/pygmo2/build/CMakeFiles/CMakeTmp/src.cxx
<command-line>: warning: ISO C++11 requires whitespace after the macro name
Linking CXX executable cmTC_a585f
/usr/local/bin/cmake -E cmake_link_script CMakeFiles/cmTC_a585f.dir/link.txt --verbose=1
/usr/bin/c++ CMakeFiles/cmTC_a585f.dir/src.cxx.o -o cmTC_a585f 
make[1]: Leaving directory '/home/thaer/pygmo2/build/CMakeFiles/CMakeTmp'


Source file was:
int main() { return 0; }
Performing C++ SOURCE FILE Test YACMA_CHECK_DEBUG_CXX_FLAG::-Wsuggest-attribute=noreturn succeeded with the following output:
Change Dir: /home/thaer/pygmo2/build/CMakeFiles/CMakeTmp

Run Build Command(s):/usr/bin/make -f Makefile cmTC_2fde6/fast && /usr/bin/make  -f CMakeFiles/cmTC_2fde6.dir/build.make CMakeFiles/cmTC_2fde6.dir/build
make[1]: Entering directory '/home/thaer/pygmo2/build/CMakeFiles/CMakeTmp'
Building CXX object CMakeFiles/cmTC_2fde6.dir/src.cxx.o
/usr/bin/c++   -DYACMA_CHECK_DEBUG_CXX_FLAG::-Wsuggest-attribute=noreturn -Wsuggest-attribute=noreturn -o CMakeFiles/cmTC_2fde6.dir/src.cxx.o -c /home/thaer/pygmo2/build/CMakeFiles/CMakeTmp/src.cxx
<command-line>: warning: ISO C++11 requires whitespace after the macro name
Linking CXX executable cmTC_2fde6
/usr/local/bin/cmake -E cmake_link_script CMakeFiles/cmTC_2fde6.dir/link.txt --verbose=1
/usr/bin/c++ CMakeFiles/cmTC_2fde6.dir/src.cxx.o -o cmTC_2fde6 
make[1]: Leaving directory '/home/thaer/pygmo2/build/CMakeFiles/CMakeTmp'


Source file was:
int main() { return 0; }
Performing C++ SOURCE FILE Test YACMA_CHECK_DEBUG_CXX_FLAG::-Wsuggest-attribute=format succeeded with the following output:
Change Dir: /home/thaer/pygmo2/build/CMakeFiles/CMakeTmp

Run Build Command(s):/usr/bin/make -f Makefile cmTC_bda27/fast && /usr/bin/make  -f CMakeFiles/cmTC_bda27.dir/build.make CMakeFiles/cmTC_bda27.dir/build
make[1]: Entering directory '/home/thaer/pygmo2/build/CMakeFiles/CMakeTmp'
Building CXX object CMakeFiles/cmTC_bda27.dir/src.cxx.o
/usr/bin/c++   -DYACMA_CHECK_DEBUG_CXX_FLAG::-Wsuggest-attribute=format -Wsuggest-attribute=format -o CMakeFiles/cmTC_bda27.dir/src.cxx.o -c /home/thaer/pygmo2/build/CMakeFiles/CMakeTmp/src.cxx
<command-line>: warning: ISO C++11 requires whitespace after the macro name
Linking CXX executable cmTC_bda27
/usr/local/bin/cmake -E cmake_link_script CMakeFiles/cmTC_bda27.dir/link.txt --verbose=1
/usr/bin/c++ CMakeFiles/cmTC_bda27.dir/src.cxx.o -o cmTC_bda27 
make[1]: Leaving directory '/home/thaer/pygmo2/build/CMakeFiles/CMakeTmp'


Source file was:
int main() { return 0; }
Performing C++ SOURCE FILE Test YACMA_CHECK_DEBUG_CXX_FLAG::-Wodr succeeded with the following output:
Change Dir: /home/thaer/pygmo2/build/CMakeFiles/CMakeTmp

Run Build Command(s):/usr/bin/make -f Makefile cmTC_b0188/fast && /usr/bin/make  -f CMakeFiles/cmTC_b0188.dir/build.make CMakeFiles/cmTC_b0188.dir/build
make[1]: Entering directory '/home/thaer/pygmo2/build/CMakeFiles/CMakeTmp'
Building CXX object CMakeFiles/cmTC_b0188.dir/src.cxx.o
/usr/bin/c++   -DYACMA_CHECK_DEBUG_CXX_FLAG::-Wodr -Wodr -o CMakeFiles/cmTC_b0188.dir/src.cxx.o -c /home/thaer/pygmo2/build/CMakeFiles/CMakeTmp/src.cxx
<command-line>: warning: ISO C++11 requires whitespace after the macro name
Linking CXX executable cmTC_b0188
/usr/local/bin/cmake -E cmake_link_script CMakeFiles/cmTC_b0188.dir/link.txt --verbose=1
/usr/bin/c++ CMakeFiles/cmTC_b0188.dir/src.cxx.o -o cmTC_b0188 
make[1]: Leaving directory '/home/thaer/pygmo2/build/CMakeFiles/CMakeTmp'


Source file was:
int main() { return 0; }
Performing C++ SOURCE FILE Test YACMA_CHECK_DEBUG_CXX_FLAG::-Wsuggest-final-types succeeded with the following output:
Change Dir: /home/thaer/pygmo2/build/CMakeFiles/CMakeTmp

Run Build Command(s):/usr/bin/make -f Makefile cmTC_64956/fast && /usr/bin/make  -f CMakeFiles/cmTC_64956.dir/build.make CMakeFiles/cmTC_64956.dir/build
make[1]: Entering directory '/home/thaer/pygmo2/build/CMakeFiles/CMakeTmp'
Building CXX object CMakeFiles/cmTC_64956.dir/src.cxx.o
/usr/bin/c++   -DYACMA_CHECK_DEBUG_CXX_FLAG::-Wsuggest-final-types -Wsuggest-final-types -o CMakeFiles/cmTC_64956.dir/src.cxx.o -c /home/thaer/pygmo2/build/CMakeFiles/CMakeTmp/src.cxx
<command-line>: warning: ISO C++11 requires whitespace after the macro name
Linking CXX executable cmTC_64956
/usr/local/bin/cmake -E cmake_link_script CMakeFiles/cmTC_64956.dir/link.txt --verbose=1
/usr/bin/c++ CMakeFiles/cmTC_64956.dir/src.cxx.o -o cmTC_64956 
make[1]: Leaving directory '/home/thaer/pygmo2/build/CMakeFiles/CMakeTmp'


Source file was:
int main() { return 0; }
Performing C++ SOURCE FILE Test YACMA_CHECK_DEBUG_CXX_FLAG::-Wsuggest-final-methods succeeded with the following output:
Change Dir: /home/thaer/pygmo2/build/CMakeFiles/CMakeTmp

Run Build Command(s):/usr/bin/make -f Makefile cmTC_83db3/fast && /usr/bin/make  -f CMakeFiles/cmTC_83db3.dir/build.make CMakeFiles/cmTC_83db3.dir/build
make[1]: Entering directory '/home/thaer/pygmo2/build/CMakeFiles/CMakeTmp'
Building CXX object CMakeFiles/cmTC_83db3.dir/src.cxx.o
/usr/bin/c++   -DYACMA_CHECK_DEBUG_CXX_FLAG::-Wsuggest-final-methods -Wsuggest-final-methods -o CMakeFiles/cmTC_83db3.dir/src.cxx.o -c /home/thaer/pygmo2/build/CMakeFiles/CMakeTmp/src.cxx
<command-line>: warning: ISO C++11 requires whitespace after the macro name
Linking CXX executable cmTC_83db3
/usr/local/bin/cmake -E cmake_link_script CMakeFiles/cmTC_83db3.dir/link.txt --verbose=1
/usr/bin/c++ CMakeFiles/cmTC_83db3.dir/src.cxx.o -o cmTC_83db3 
make[1]: Leaving directory '/home/thaer/pygmo2/build/CMakeFiles/CMakeTmp'


Source file was:
int main() { return 0; }
Performing C++ SOURCE FILE Test YACMA_CHECK_DEBUG_CXX_FLAG::-Wsuggest-override succeeded with the following output:
Change Dir: /home/thaer/pygmo2/build/CMakeFiles/CMakeTmp

Run Build Command(s):/usr/bin/make -f Makefile cmTC_92b31/fast && /usr/bin/make  -f CMakeFiles/cmTC_92b31.dir/build.make CMakeFiles/cmTC_92b31.dir/build
make[1]: Entering directory '/home/thaer/pygmo2/build/CMakeFiles/CMakeTmp'
Building CXX object CMakeFiles/cmTC_92b31.dir/src.cxx.o
/usr/bin/c++   -DYACMA_CHECK_DEBUG_CXX_FLAG::-Wsuggest-override -Wsuggest-override -o CMakeFiles/cmTC_92b31.dir/src.cxx.o -c /home/thaer/pygmo2/build/CMakeFiles/CMakeTmp/src.cxx
<command-line>: warning: ISO C++11 requires whitespace after the macro name
Linking CXX executable cmTC_92b31
/usr/local/bin/cmake -E cmake_link_script CMakeFiles/cmTC_92b31.dir/link.txt --verbose=1
/usr/bin/c++ CMakeFiles/cmTC_92b31.dir/src.cxx.o -o cmTC_92b31 
make[1]: Leaving directory '/home/thaer/pygmo2/build/CMakeFiles/CMakeTmp'


Source file was:
int main() { return 0; }
Performing C++ SOURCE FILE Test YACMA_CHECK_DEBUG_CXX_FLAG::-Wshift-negative-value succeeded with the following output:
Change Dir: /home/thaer/pygmo2/build/CMakeFiles/CMakeTmp

Run Build Command(s):/usr/bin/make -f Makefile cmTC_064fd/fast && /usr/bin/make  -f CMakeFiles/cmTC_064fd.dir/build.make CMakeFiles/cmTC_064fd.dir/build
make[1]: Entering directory '/home/thaer/pygmo2/build/CMakeFiles/CMakeTmp'
Building CXX object CMakeFiles/cmTC_064fd.dir/src.cxx.o
/usr/bin/c++   -DYACMA_CHECK_DEBUG_CXX_FLAG::-Wshift-negative-value -Wshift-negative-value -o CMakeFiles/cmTC_064fd.dir/src.cxx.o -c /home/thaer/pygmo2/build/CMakeFiles/CMakeTmp/src.cxx
<command-line>: warning: ISO C++11 requires whitespace after the macro name
Linking CXX executable cmTC_064fd
/usr/local/bin/cmake -E cmake_link_script CMakeFiles/cmTC_064fd.dir/link.txt --verbose=1
/usr/bin/c++ CMakeFiles/cmTC_064fd.dir/src.cxx.o -o cmTC_064fd 
make[1]: Leaving directory '/home/thaer/pygmo2/build/CMakeFiles/CMakeTmp'


Source file was:
int main() { return 0; }
Performing C++ SOURCE FILE Test YACMA_CHECK_DEBUG_CXX_FLAG::-Wshift-overflow=2 succeeded with the following output:
Change Dir: /home/thaer/pygmo2/build/CMakeFiles/CMakeTmp

Run Build Command(s):/usr/bin/make -f Makefile cmTC_f31fa/fast && /usr/bin/make  -f CMakeFiles/cmTC_f31fa.dir/build.make CMakeFiles/cmTC_f31fa.dir/build
make[1]: Entering directory '/home/thaer/pygmo2/build/CMakeFiles/CMakeTmp'
Building CXX object CMakeFiles/cmTC_f31fa.dir/src.cxx.o
/usr/bin/c++   -DYACMA_CHECK_DEBUG_CXX_FLAG::-Wshift-overflow=2 -Wshift-overflow=2 -o CMakeFiles/cmTC_f31fa.dir/src.cxx.o -c /home/thaer/pygmo2/build/CMakeFiles/CMakeTmp/src.cxx
<command-line>: warning: ISO C++11 requires whitespace after the macro name
Linking CXX executable cmTC_f31fa
/usr/local/bin/cmake -E cmake_link_script CMakeFiles/cmTC_f31fa.dir/link.txt --verbose=1
/usr/bin/c++ CMakeFiles/cmTC_f31fa.dir/src.cxx.o -o cmTC_f31fa 
make[1]: Leaving directory '/home/thaer/pygmo2/build/CMakeFiles/CMakeTmp'


Source file was:
int main() { return 0; }
Performing C++ SOURCE FILE Test YACMA_CHECK_DEBUG_CXX_FLAG::-Wduplicated-cond succeeded with the following output:
Change Dir: /home/thaer/pygmo2/build/CMakeFiles/CMakeTmp

Run Build Command(s):/usr/bin/make -f Makefile cmTC_bcc51/fast && /usr/bin/make  -f CMakeFiles/cmTC_bcc51.dir/build.make CMakeFiles/cmTC_bcc51.dir/build
make[1]: Entering directory '/home/thaer/pygmo2/build/CMakeFiles/CMakeTmp'
Building CXX object CMakeFiles/cmTC_bcc51.dir/src.cxx.o
/usr/bin/c++   -DYACMA_CHECK_DEBUG_CXX_FLAG::-Wduplicated-cond -Wduplicated-cond -o CMakeFiles/cmTC_bcc51.dir/src.cxx.o -c /home/thaer/pygmo2/build/CMakeFiles/CMakeTmp/src.cxx
<command-line>: warning: ISO C++11 requires whitespace after the macro name
Linking CXX executable cmTC_bcc51
/usr/local/bin/cmake -E cmake_link_script CMakeFiles/cmTC_bcc51.dir/link.txt --verbose=1
/usr/bin/c++ CMakeFiles/cmTC_bcc51.dir/src.cxx.o -o cmTC_bcc51 
make[1]: Leaving directory '/home/thaer/pygmo2/build/CMakeFiles/CMakeTmp'


Source file was:
int main() { return 0; }
Performing C++ SOURCE FILE Test YACMA_CHECK_DEBUG_CXX_FLAG::-Wnull-dereference succeeded with the following output:
Change Dir: /home/thaer/pygmo2/build/CMakeFiles/CMakeTmp

Run Build Command(s):/usr/bin/make -f Makefile cmTC_aea48/fast && /usr/bin/make  -f CMakeFiles/cmTC_aea48.dir/build.make CMakeFiles/cmTC_aea48.dir/build
make[1]: Entering directory '/home/thaer/pygmo2/build/CMakeFiles/CMakeTmp'
Building CXX object CMakeFiles/cmTC_aea48.dir/src.cxx.o
/usr/bin/c++   -DYACMA_CHECK_DEBUG_CXX_FLAG::-Wnull-dereference -Wnull-dereference -o CMakeFiles/cmTC_aea48.dir/src.cxx.o -c /home/thaer/pygmo2/build/CMakeFiles/CMakeTmp/src.cxx
<command-line>: warning: ISO C++11 requires whitespace after the macro name
Linking CXX executable cmTC_aea48
/usr/local/bin/cmake -E cmake_link_script CMakeFiles/cmTC_aea48.dir/link.txt --verbose=1
/usr/bin/c++ CMakeFiles/cmTC_aea48.dir/src.cxx.o -o cmTC_aea48 
make[1]: Leaving directory '/home/thaer/pygmo2/build/CMakeFiles/CMakeTmp'


Source file was:
int main() { return 0; }
Performing C++ SOURCE FILE Test YACMA_CHECK_DEBUG_CXX_FLAG::-Wrestrict succeeded with the following output:
Change Dir: /home/thaer/pygmo2/build/CMakeFiles/CMakeTmp

Run Build Command(s):/usr/bin/make -f Makefile cmTC_3cc85/fast && /usr/bin/make  -f CMakeFiles/cmTC_3cc85.dir/build.make CMakeFiles/cmTC_3cc85.dir/build
make[1]: Entering directory '/home/thaer/pygmo2/build/CMakeFiles/CMakeTmp'
Building CXX object CMakeFiles/cmTC_3cc85.dir/src.cxx.o
/usr/bin/c++   -DYACMA_CHECK_DEBUG_CXX_FLAG::-Wrestrict -Wrestrict -o CMakeFiles/cmTC_3cc85.dir/src.cxx.o -c /home/thaer/pygmo2/build/CMakeFiles/CMakeTmp/src.cxx
<command-line>: warning: ISO C++11 requires whitespace after the macro name
Linking CXX executable cmTC_3cc85
/usr/local/bin/cmake -E cmake_link_script CMakeFiles/cmTC_3cc85.dir/link.txt --verbose=1
/usr/bin/c++ CMakeFiles/cmTC_3cc85.dir/src.cxx.o -o cmTC_3cc85 
make[1]: Leaving directory '/home/thaer/pygmo2/build/CMakeFiles/CMakeTmp'


Source file was:
int main() { return 0; }
Performing C++ SOURCE FILE Test YACMA_CHECK_DEBUG_CXX_FLAG::-Waligned-new succeeded with the following output:
Change Dir: /home/thaer/pygmo2/build/CMakeFiles/CMakeTmp

Run Build Command(s):/usr/bin/make -f Makefile cmTC_708e6/fast && /usr/bin/make  -f CMakeFiles/cmTC_708e6.dir/build.make CMakeFiles/cmTC_708e6.dir/build
make[1]: Entering directory '/home/thaer/pygmo2/build/CMakeFiles/CMakeTmp'
Building CXX object CMakeFiles/cmTC_708e6.dir/src.cxx.o
/usr/bin/c++   -DYACMA_CHECK_DEBUG_CXX_FLAG::-Waligned-new -Waligned-new -o CMakeFiles/cmTC_708e6.dir/src.cxx.o -c /home/thaer/pygmo2/build/CMakeFiles/CMakeTmp/src.cxx
<command-line>: warning: ISO C++11 requires whitespace after the macro name
Linking CXX executable cmTC_708e6
/usr/local/bin/cmake -E cmake_link_script CMakeFiles/cmTC_708e6.dir/link.txt --verbose=1
/usr/bin/c++ CMakeFiles/cmTC_708e6.dir/src.cxx.o -o cmTC_708e6 
make[1]: Leaving directory '/home/thaer/pygmo2/build/CMakeFiles/CMakeTmp'


Source file was:
int main() { return 0; }
Performing C++ SOURCE FILE Test YACMA_CHECK_DEBUG_CXX_FLAG::-Wcast-align=strict succeeded with the following output:
Change Dir: /home/thaer/pygmo2/build/CMakeFiles/CMakeTmp

Run Build Command(s):/usr/bin/make -f Makefile cmTC_4c6f1/fast && /usr/bin/make  -f CMakeFiles/cmTC_4c6f1.dir/build.make CMakeFiles/cmTC_4c6f1.dir/build
make[1]: Entering directory '/home/thaer/pygmo2/build/CMakeFiles/CMakeTmp'
Building CXX object CMakeFiles/cmTC_4c6f1.dir/src.cxx.o
/usr/bin/c++   -DYACMA_CHECK_DEBUG_CXX_FLAG::-Wcast-align=strict -Wcast-align=strict -o CMakeFiles/cmTC_4c6f1.dir/src.cxx.o -c /home/thaer/pygmo2/build/CMakeFiles/CMakeTmp/src.cxx
<command-line>: warning: ISO C++11 requires whitespace after the macro name
Linking CXX executable cmTC_4c6f1
/usr/local/bin/cmake -E cmake_link_script CMakeFiles/cmTC_4c6f1.dir/link.txt --verbose=1
/usr/bin/c++ CMakeFiles/cmTC_4c6f1.dir/src.cxx.o -o cmTC_4c6f1 
make[1]: Leaving directory '/home/thaer/pygmo2/build/CMakeFiles/CMakeTmp'


Source file was:
int main() { return 0; }
Performing C++ SOURCE FILE Test YACMA_CHECK_CXX_FLAG::-fdiagnostics-show-template-tree succeeded with the following output:
Change Dir: /home/thaer/pygmo2/build/CMakeFiles/CMakeTmp

Run Build Command(s):/usr/bin/make -f Makefile cmTC_f6210/fast && /usr/bin/make  -f CMakeFiles/cmTC_f6210.dir/build.make CMakeFiles/cmTC_f6210.dir/build
make[1]: Entering directory '/home/thaer/pygmo2/build/CMakeFiles/CMakeTmp'
Building CXX object CMakeFiles/cmTC_f6210.dir/src.cxx.o
/usr/bin/c++   -DYACMA_CHECK_CXX_FLAG::-fdiagnostics-show-template-tree -fdiagnostics-show-template-tree -o CMakeFiles/cmTC_f6210.dir/src.cxx.o -c /home/thaer/pygmo2/build/CMakeFiles/CMakeTmp/src.cxx
<command-line>: warning: ISO C++11 requires whitespace after the macro name
Linking CXX executable cmTC_f6210
/usr/local/bin/cmake -E cmake_link_script CMakeFiles/cmTC_f6210.dir/link.txt --verbose=1
/usr/bin/c++ CMakeFiles/cmTC_f6210.dir/src.cxx.o -o cmTC_f6210 
make[1]: Leaving directory '/home/thaer/pygmo2/build/CMakeFiles/CMakeTmp'


Source file was:
int main() { return 0; }
Performing C++ SOURCE FILE Test YACMA_CHECK_CXX_FLAG::-Wno-attributes succeeded with the following output:
Change Dir: /home/thaer/pygmo2/build/CMakeFiles/CMakeTmp

Run Build Command(s):/usr/bin/make -f Makefile cmTC_7af36/fast && /usr/bin/make  -f CMakeFiles/cmTC_7af36.dir/build.make CMakeFiles/cmTC_7af36.dir/build
make[1]: Entering directory '/home/thaer/pygmo2/build/CMakeFiles/CMakeTmp'
Building CXX object CMakeFiles/cmTC_7af36.dir/src.cxx.o
/usr/bin/c++   -DYACMA_CHECK_CXX_FLAG::-Wno-attributes -Wno-attributes -o CMakeFiles/cmTC_7af36.dir/src.cxx.o -c /home/thaer/pygmo2/build/CMakeFiles/CMakeTmp/src.cxx
<command-line>: warning: ISO C++11 requires whitespace after the macro name
Linking CXX executable cmTC_7af36
/usr/local/bin/cmake -E cmake_link_script CMakeFiles/cmTC_7af36.dir/link.txt --verbose=1
/usr/bin/c++ CMakeFiles/cmTC_7af36.dir/src.cxx.o -o cmTC_7af36 
make[1]: Leaving directory '/home/thaer/pygmo2/build/CMakeFiles/CMakeTmp'


Source file was:
int main() { return 0; }
Performing C++ SOURCE FILE Test YACMA_CHECK_DEBUG_CXX_FLAG::-Wno-maybe-uninitialized succeeded with the following output:
Change Dir: /home/thaer/pygmo2/build/CMakeFiles/CMakeTmp

Run Build Command(s):/usr/bin/make -f Makefile cmTC_d7839/fast && /usr/bin/make  -f CMakeFiles/cmTC_d7839.dir/build.make CMakeFiles/cmTC_d7839.dir/build
make[1]: Entering directory '/home/thaer/pygmo2/build/CMakeFiles/CMakeTmp'
Building CXX object CMakeFiles/cmTC_d7839.dir/src.cxx.o
/usr/bin/c++   -DYACMA_CHECK_DEBUG_CXX_FLAG::-Wno-maybe-uninitialized -Wno-maybe-uninitialized -o CMakeFiles/cmTC_d7839.dir/src.cxx.o -c /home/thaer/pygmo2/build/CMakeFiles/CMakeTmp/src.cxx
<command-line>: warning: ISO C++11 requires whitespace after the macro name
Linking CXX executable cmTC_d7839
/usr/local/bin/cmake -E cmake_link_script CMakeFiles/cmTC_d7839.dir/link.txt --verbose=1
/usr/bin/c++ CMakeFiles/cmTC_d7839.dir/src.cxx.o -o cmTC_d7839 
make[1]: Leaving directory '/home/thaer/pygmo2/build/CMakeFiles/CMakeTmp'


Source file was:
int main() { return 0; }
Determining if the include file pthread.h exists passed with the following output:
Change Dir: /home/thaer/pygmo2/build/CMakeFiles/CMakeTmp

Run Build Command(s):/usr/bin/make -f Makefile cmTC_39c6d/fast && /usr/bin/make  -f CMakeFiles/cmTC_39c6d.dir/build.make CMakeFiles/cmTC_39c6d.dir/build
make[1]: Entering directory '/home/thaer/pygmo2/build/CMakeFiles/CMakeTmp'
Building C object CMakeFiles/cmTC_39c6d.dir/CheckIncludeFile.c.o
/usr/bin/cc    -o CMakeFiles/cmTC_39c6d.dir/CheckIncludeFile.c.o -c /home/thaer/pygmo2/build/CMakeFiles/CMakeTmp/CheckIncludeFile.c
Linking C executable cmTC_39c6d
/usr/local/bin/cmake -E cmake_link_script CMakeFiles/cmTC_39c6d.dir/link.txt --verbose=1
/usr/bin/cc CMakeFiles/cmTC_39c6d.dir/CheckIncludeFile.c.o -o cmTC_39c6d 
make[1]: Leaving directory '/home/thaer/pygmo2/build/CMakeFiles/CMakeTmp'



Performing C++ SOURCE FILE Test HAS_FLTO succeeded with the following output:
Change Dir: /home/thaer/pygmo2/build/CMakeFiles/CMakeTmp

Run Build Command(s):/usr/bin/make -f Makefile cmTC_abeb5/fast && /usr/bin/make  -f CMakeFiles/cmTC_abeb5.dir/build.make CMakeFiles/cmTC_abeb5.dir/build
make[1]: Entering directory '/home/thaer/pygmo2/build/CMakeFiles/CMakeTmp'
Building CXX object CMakeFiles/cmTC_abeb5.dir/src.cxx.o
/usr/bin/c++ -DHAS_FLTO  -flto -fno-fat-lto-objects -o CMakeFiles/cmTC_abeb5.dir/src.cxx.o -c /home/thaer/pygmo2/build/CMakeFiles/CMakeTmp/src.cxx
Linking CXX executable cmTC_abeb5
/usr/local/bin/cmake -E cmake_link_script CMakeFiles/cmTC_abeb5.dir/link.txt --verbose=1
/usr/bin/c++ CMakeFiles/cmTC_abeb5.dir/src.cxx.o -o cmTC_abeb5  -flto 
make[1]: Leaving directory '/home/thaer/pygmo2/build/CMakeFiles/CMakeTmp'


Source file was:
int main() { return 0; }
