Performing C++ SOURCE FILE Test YACMA_CHECK_DEBUG_CXX_FLAG::-pedantic-errors failed with the following output:
Change Dir: /home/thaer/pygmo2/build/CMakeFiles/CMakeTmp

Run Build Command(s):/usr/bin/make -f Makefile cmTC_65543/fast && /usr/bin/make  -f CMakeFiles/cmTC_65543.dir/build.make CMakeFiles/cmTC_65543.dir/build
make[1]: Entering directory '/home/thaer/pygmo2/build/CMakeFiles/CMakeTmp'
Building CXX object CMakeFiles/cmTC_65543.dir/src.cxx.o
/usr/bin/c++   -DYACMA_CHECK_DEBUG_CXX_FLAG::-pedantic-errors -pedantic-errors -o CMakeFiles/cmTC_65543.dir/src.cxx.o -c /home/thaer/pygmo2/build/CMakeFiles/CMakeTmp/src.cxx
<command-line>: error: ISO C++11 requires whitespace after the macro name
make[1]: *** [CMakeFiles/cmTC_65543.dir/build.make:78: CMakeFiles/cmTC_65543.dir/src.cxx.o] Error 1
make[1]: Leaving directory '/home/thaer/pygmo2/build/CMakeFiles/CMakeTmp'
make: *** [Makefile:127: cmTC_65543/fast] Error 2


Source file was:
int main() { return 0; }
Performing C SOURCE FILE Test CMAKE_HAVE_LIBC_PTHREAD failed with the following output:
Change Dir: /home/thaer/pygmo2/build/CMakeFiles/CMakeTmp

Run Build Command(s):/usr/bin/make -f Makefile cmTC_1de9f/fast && /usr/bin/make  -f CMakeFiles/cmTC_1de9f.dir/build.make CMakeFiles/cmTC_1de9f.dir/build
make[1]: Entering directory '/home/thaer/pygmo2/build/CMakeFiles/CMakeTmp'
Building C object CMakeFiles/cmTC_1de9f.dir/src.c.o
/usr/bin/cc -DCMAKE_HAVE_LIBC_PTHREAD   -o CMakeFiles/cmTC_1de9f.dir/src.c.o -c /home/thaer/pygmo2/build/CMakeFiles/CMakeTmp/src.c
Linking C executable cmTC_1de9f
/usr/local/bin/cmake -E cmake_link_script CMakeFiles/cmTC_1de9f.dir/link.txt --verbose=1
/usr/bin/cc CMakeFiles/cmTC_1de9f.dir/src.c.o -o cmTC_1de9f 
/usr/bin/ld: CMakeFiles/cmTC_1de9f.dir/src.c.o: in function `main':
src.c:(.text+0x46): undefined reference to `pthread_create'
/usr/bin/ld: src.c:(.text+0x52): undefined reference to `pthread_detach'
/usr/bin/ld: src.c:(.text+0x5e): undefined reference to `pthread_cancel'
/usr/bin/ld: src.c:(.text+0x6f): undefined reference to `pthread_join'
collect2: error: ld returned 1 exit status
make[1]: *** [CMakeFiles/cmTC_1de9f.dir/build.make:99: cmTC_1de9f] Error 1
make[1]: Leaving directory '/home/thaer/pygmo2/build/CMakeFiles/CMakeTmp'
make: *** [Makefile:127: cmTC_1de9f/fast] Error 2


Source file was:
#include <pthread.h>

static void* test_func(void* data)
{
  return data;
}

int main(void)
{
  pthread_t thread;
  pthread_create(&thread, NULL, test_func, NULL);
  pthread_detach(thread);
  pthread_cancel(thread);
  pthread_join(thread, NULL);
  pthread_atfork(NULL, NULL, NULL);
  pthread_exit(NULL);

  return 0;
}

